This is pdfTeX, Version 3.1415926-2.4-1.40.13 (TeX Live 2012/Debian) (format=pdflatex 2012.7.16)  3 OCT 2012 20:08
entering extended mode
 restricted \write18 enabled.
 %&-line parsing enabled.
**embedded_book.tex
(./embedded_book.tex
LaTeX2e <2011/06/27>
Babel <v3.8m> and hyphenation patterns for english, dumylang, nohyphenation, lo
aded.
(/usr/share/texlive/texmf-dist/tex/latex/base/book.cls
Document Class: book 2007/10/19 v1.4h Standard LaTeX document class
(/usr/share/texlive/texmf-dist/tex/latex/base/bk10.clo
File: bk10.clo 2007/10/19 v1.4h Standard LaTeX file (size option)
)
\c@part=\count79
\c@chapter=\count80
\c@section=\count81
\c@subsection=\count82
\c@subsubsection=\count83
\c@paragraph=\count84
\c@subparagraph=\count85
\c@figure=\count86
\c@table=\count87
\abovecaptionskip=\skip41
\belowcaptionskip=\skip42
\bibindent=\dimen102
)
(/usr/share/texlive/texmf-dist/tex/latex/base/fontenc.sty
Package: fontenc 2005/09/27 v1.99g Standard LaTeX package
)
(/usr/share/texlive/texmf-dist/tex/latex/base/inputenc.sty
Package: inputenc 2008/03/30 v1.1d Input encoding file
\inpenc@prehook=\toks14
\inpenc@posthook=\toks15

(/usr/share/texlive/texmf-dist/tex/latex/base/latin1.def
File: latin1.def 2008/03/30 v1.1d Input encoding file
))
(/usr/share/texlive/texmf-dist/tex/generic/babel/babel.sty
Package: babel 2008/07/08 v3.8m The Babel package

(/usr/share/texlive/texmf-dist/tex/generic/babel/spanish.ldf
Language: spanish.ldf 2011/10/06 v5.0k Spanish support from the babel system

(/usr/share/texlive/texmf-dist/tex/generic/babel/babel.def
File: babel.def 2008/07/08 v3.8m Babel common definitions
\babel@savecnt=\count88
\U@D=\dimen103
)

Package babel Warning: No hyphenation patterns were loaded for
(babel)                the language `Spanish'
(babel)                I will use the patterns loaded for \language=0 instead.

\l@spanish = a dialect from \language0
\es@datefmt=\count89
\es@quottoks=\toks16
\es@quotdepth=\count90
)) (/usr/share/texlive/texmf-dist/tex/latex/geometry/geometry.sty
Package: geometry 2010/09/12 v5.6 Page Geometry

(/usr/share/texlive/texmf-dist/tex/latex/graphics/keyval.sty
Package: keyval 1999/03/16 v1.13 key=value parser (DPC)
\KV@toks@=\toks17
)
(/usr/share/texlive/texmf-dist/tex/generic/oberdiek/ifpdf.sty
Package: ifpdf 2011/01/30 v2.3 Provides the ifpdf switch (HO)
Package ifpdf Info: pdfTeX in PDF mode is detected.
)
(/usr/share/texlive/texmf-dist/tex/generic/oberdiek/ifvtex.sty
Package: ifvtex 2010/03/01 v1.5 Detect VTeX and its facilities (HO)
Package ifvtex Info: VTeX not detected.
)
(/usr/share/texlive/texmf-dist/tex/generic/ifxetex/ifxetex.sty
Package: ifxetex 2010/09/12 v0.6 Provides ifxetex conditional
)
\Gm@cnth=\count91
\Gm@cntv=\count92
\c@Gm@tempcnt=\count93
\Gm@bindingoffset=\dimen104
\Gm@wd@mp=\dimen105
\Gm@odd@mp=\dimen106
\Gm@even@mp=\dimen107
\Gm@layoutwidth=\dimen108
\Gm@layoutheight=\dimen109
\Gm@layouthoffset=\dimen110
\Gm@layoutvoffset=\dimen111
\Gm@dimlist=\toks18
)
(/usr/share/texlive/texmf-dist/tex/latex/base/fontenc.sty
Package: fontenc 2005/09/27 v1.99g Standard LaTeX package
)
(/usr/share/texlive/texmf-dist/tex/latex/appendix/appendix.sty
Package: appendix 2009/09/02 v1.2b extra appendix facilities
\c@@pps=\count94
\c@@ppsavesec=\count95
\c@@ppsaveapp=\count96
)
(/usr/share/texlive/texmf-dist/tex/latex/graphics/color.sty
Package: color 2005/11/14 v1.0j Standard LaTeX Color (DPC)

(/usr/share/texlive/texmf-dist/tex/latex/latexconfig/color.cfg
File: color.cfg 2007/01/18 v1.5 color configuration of teTeX/TeXLive
)
Package color Info: Driver file: pdftex.def on input line 130.

(/usr/share/texlive/texmf-dist/tex/latex/pdftex-def/pdftex.def
File: pdftex.def 2011/05/27 v0.06d Graphics/color for pdfTeX

(/usr/share/texlive/texmf-dist/tex/generic/oberdiek/infwarerr.sty
Package: infwarerr 2010/04/08 v1.3 Providing info/warning/error messages (HO)
)
(/usr/share/texlive/texmf-dist/tex/generic/oberdiek/ltxcmds.sty
Package: ltxcmds 2011/11/09 v1.22 LaTeX kernel commands for general use (HO)
)
\Gread@gobject=\count97
)
(/usr/share/texlive/texmf-dist/tex/latex/graphics/dvipsnam.def
File: dvipsnam.def 1999/02/16 v3.0i Driver-dependant file (DPC,SPQR)
))
(/usr/share/texmf/tex/latex/pgf/frontendlayer/tikz.sty
(/usr/share/texmf/tex/latex/pgf/basiclayer/pgf.sty
(/usr/share/texmf/tex/latex/pgf/utilities/pgfrcs.sty
(/usr/share/texmf/tex/generic/pgf/utilities/pgfutil-common.tex
\pgfutil@everybye=\toks19
)
(/usr/share/texmf/tex/generic/pgf/utilities/pgfutil-latex.def
\pgfutil@abb=\box26

(/usr/share/texlive/texmf-dist/tex/latex/ms/everyshi.sty
Package: everyshi 2001/05/15 v3.00 EveryShipout Package (MS)
))
(/usr/share/texmf/tex/generic/pgf/utilities/pgfrcs.code.tex
Package: pgfrcs 2010/10/25 v2.10 (rcs-revision 1.24)
))
Package: pgf 2008/01/15 v2.10 (rcs-revision 1.12)

(/usr/share/texmf/tex/latex/pgf/basiclayer/pgfcore.sty
(/usr/share/texlive/texmf-dist/tex/latex/graphics/graphicx.sty
Package: graphicx 1999/02/16 v1.0f Enhanced LaTeX Graphics (DPC,SPQR)

(/usr/share/texlive/texmf-dist/tex/latex/graphics/graphics.sty
Package: graphics 2009/02/05 v1.0o Standard LaTeX Graphics (DPC,SPQR)

(/usr/share/texlive/texmf-dist/tex/latex/graphics/trig.sty
Package: trig 1999/03/16 v1.09 sin cos tan (DPC)
)
(/usr/share/texlive/texmf-dist/tex/latex/latexconfig/graphics.cfg
File: graphics.cfg 2010/04/23 v1.9 graphics configuration of TeX Live
)
Package graphics Info: Driver file: pdftex.def on input line 91.
)
\Gin@req@height=\dimen112
\Gin@req@width=\dimen113
)
(/usr/share/texmf/tex/latex/pgf/systemlayer/pgfsys.sty
(/usr/share/texmf/tex/generic/pgf/systemlayer/pgfsys.code.tex
Package: pgfsys 2010/06/30 v2.10 (rcs-revision 1.37)

(/usr/share/texmf/tex/generic/pgf/utilities/pgfkeys.code.tex
\pgfkeys@pathtoks=\toks20
\pgfkeys@temptoks=\toks21

(/usr/share/texmf/tex/generic/pgf/utilities/pgfkeysfiltered.code.tex
\pgfkeys@tmptoks=\toks22
))
\pgf@x=\dimen114
\pgf@y=\dimen115
\pgf@xa=\dimen116
\pgf@ya=\dimen117
\pgf@xb=\dimen118
\pgf@yb=\dimen119
\pgf@xc=\dimen120
\pgf@yc=\dimen121
\w@pgf@writea=\write3
\r@pgf@reada=\read1
\c@pgf@counta=\count98
\c@pgf@countb=\count99
\c@pgf@countc=\count100
\c@pgf@countd=\count101

(/usr/share/texmf/tex/generic/pgf/systemlayer/pgf.cfg
File: pgf.cfg 2008/05/14  (rcs-revision 1.7)
)
Package pgfsys Info: Driver file for pgf: pgfsys-pdftex.def on input line 900.

(/usr/share/texmf/tex/generic/pgf/systemlayer/pgfsys-pdftex.def
File: pgfsys-pdftex.def 2009/05/22  (rcs-revision 1.26)

(/usr/share/texmf/tex/generic/pgf/systemlayer/pgfsys-common-pdf.def
File: pgfsys-common-pdf.def 2008/05/19  (rcs-revision 1.10)
)))
(/usr/share/texmf/tex/generic/pgf/systemlayer/pgfsyssoftpath.code.tex
File: pgfsyssoftpath.code.tex 2008/07/18  (rcs-revision 1.7)
\pgfsyssoftpath@smallbuffer@items=\count102
\pgfsyssoftpath@bigbuffer@items=\count103
)
(/usr/share/texmf/tex/generic/pgf/systemlayer/pgfsysprotocol.code.tex
File: pgfsysprotocol.code.tex 2006/10/16  (rcs-revision 1.4)
))
(/usr/share/texmf/tex/latex/xcolor/xcolor.sty
Package: xcolor 2007/01/21 v2.11 LaTeX color extensions (UK)

(/usr/share/texlive/texmf-dist/tex/latex/latexconfig/color.cfg
File: color.cfg 2007/01/18 v1.5 color configuration of teTeX/TeXLive
)
Package xcolor Info: Driver file: pdftex.def on input line 225.
LaTeX Info: Redefining \color on input line 702.
Package xcolor Info: Model `cmy' substituted by `cmy0' on input line 1337.
Package xcolor Info: Model `hsb' substituted by `rgb' on input line 1341.
Package xcolor Info: Model `RGB' extended on input line 1353.
Package xcolor Info: Model `HTML' substituted by `rgb' on input line 1355.
Package xcolor Info: Model `Hsb' substituted by `hsb' on input line 1356.
Package xcolor Info: Model `tHsb' substituted by `hsb' on input line 1357.
Package xcolor Info: Model `HSB' substituted by `hsb' on input line 1358.
Package xcolor Info: Model `Gray' substituted by `gray' on input line 1359.
Package xcolor Info: Model `wave' substituted by `hsb' on input line 1360.
)
(/usr/share/texmf/tex/generic/pgf/basiclayer/pgfcore.code.tex
Package: pgfcore 2010/04/11 v2.10 (rcs-revision 1.7)

(/usr/share/texmf/tex/generic/pgf/math/pgfmath.code.tex
(/usr/share/texmf/tex/generic/pgf/math/pgfmathcalc.code.tex
(/usr/share/texmf/tex/generic/pgf/math/pgfmathutil.code.tex)
(/usr/share/texmf/tex/generic/pgf/math/pgfmathparser.code.tex
\pgfmath@dimen=\dimen122
\pgfmath@count=\count104
\pgfmath@box=\box27
\pgfmath@toks=\toks23
\pgfmath@stack@operand=\toks24
\pgfmath@stack@operation=\toks25
)
(/usr/share/texmf/tex/generic/pgf/math/pgfmathfunctions.code.tex
(/usr/share/texmf/tex/generic/pgf/math/pgfmathfunctions.basic.code.tex)
(/usr/share/texmf/tex/generic/pgf/math/pgfmathfunctions.trigonometric.code.tex)
(/usr/share/texmf/tex/generic/pgf/math/pgfmathfunctions.random.code.tex)
(/usr/share/texmf/tex/generic/pgf/math/pgfmathfunctions.comparison.code.tex)
(/usr/share/texmf/tex/generic/pgf/math/pgfmathfunctions.base.code.tex)
(/usr/share/texmf/tex/generic/pgf/math/pgfmathfunctions.round.code.tex)
(/usr/share/texmf/tex/generic/pgf/math/pgfmathfunctions.misc.code.tex)))
(/usr/share/texmf/tex/generic/pgf/math/pgfmathfloat.code.tex
\c@pgfmathroundto@lastzeros=\count105
))
(/usr/share/texmf/tex/generic/pgf/basiclayer/pgfcorepoints.code.tex
File: pgfcorepoints.code.tex 2010/04/09  (rcs-revision 1.20)
\pgf@picminx=\dimen123
\pgf@picmaxx=\dimen124
\pgf@picminy=\dimen125
\pgf@picmaxy=\dimen126
\pgf@pathminx=\dimen127
\pgf@pathmaxx=\dimen128
\pgf@pathminy=\dimen129
\pgf@pathmaxy=\dimen130
\pgf@xx=\dimen131
\pgf@xy=\dimen132
\pgf@yx=\dimen133
\pgf@yy=\dimen134
\pgf@zx=\dimen135
\pgf@zy=\dimen136
)
(/usr/share/texmf/tex/generic/pgf/basiclayer/pgfcorepathconstruct.code.tex
File: pgfcorepathconstruct.code.tex 2010/08/03  (rcs-revision 1.24)
\pgf@path@lastx=\dimen137
\pgf@path@lasty=\dimen138
)
(/usr/share/texmf/tex/generic/pgf/basiclayer/pgfcorepathusage.code.tex
File: pgfcorepathusage.code.tex 2008/04/22  (rcs-revision 1.12)
\pgf@shorten@end@additional=\dimen139
\pgf@shorten@start@additional=\dimen140
)
(/usr/share/texmf/tex/generic/pgf/basiclayer/pgfcorescopes.code.tex
File: pgfcorescopes.code.tex 2010/09/08  (rcs-revision 1.34)
\pgfpic=\box28
\pgf@hbox=\box29
\pgf@layerbox@main=\box30
\pgf@picture@serial@count=\count106
)
(/usr/share/texmf/tex/generic/pgf/basiclayer/pgfcoregraphicstate.code.tex
File: pgfcoregraphicstate.code.tex 2008/04/22  (rcs-revision 1.9)
\pgflinewidth=\dimen141
)
(/usr/share/texmf/tex/generic/pgf/basiclayer/pgfcoretransformations.code.tex
File: pgfcoretransformations.code.tex 2009/06/10  (rcs-revision 1.11)
\pgf@pt@x=\dimen142
\pgf@pt@y=\dimen143
\pgf@pt@temp=\dimen144
)
(/usr/share/texmf/tex/generic/pgf/basiclayer/pgfcorequick.code.tex
File: pgfcorequick.code.tex 2008/10/09  (rcs-revision 1.3)
)
(/usr/share/texmf/tex/generic/pgf/basiclayer/pgfcoreobjects.code.tex
File: pgfcoreobjects.code.tex 2006/10/11  (rcs-revision 1.2)
)
(/usr/share/texmf/tex/generic/pgf/basiclayer/pgfcorepathprocessing.code.tex
File: pgfcorepathprocessing.code.tex 2008/10/09  (rcs-revision 1.8)
)
(/usr/share/texmf/tex/generic/pgf/basiclayer/pgfcorearrows.code.tex
File: pgfcorearrows.code.tex 2008/04/23  (rcs-revision 1.11)
)
(/usr/share/texmf/tex/generic/pgf/basiclayer/pgfcoreshade.code.tex
File: pgfcoreshade.code.tex 2008/11/23  (rcs-revision 1.13)
\pgf@max=\dimen145
\pgf@sys@shading@range@num=\count107
)
(/usr/share/texmf/tex/generic/pgf/basiclayer/pgfcoreimage.code.tex
File: pgfcoreimage.code.tex 2010/03/25  (rcs-revision 1.16)

(/usr/share/texmf/tex/generic/pgf/basiclayer/pgfcoreexternal.code.tex
File: pgfcoreexternal.code.tex 2010/09/01  (rcs-revision 1.17)
\pgfexternal@startupbox=\box31
))
(/usr/share/texmf/tex/generic/pgf/basiclayer/pgfcorelayers.code.tex
File: pgfcorelayers.code.tex 2010/08/27  (rcs-revision 1.2)
)
(/usr/share/texmf/tex/generic/pgf/basiclayer/pgfcoretransparency.code.tex
File: pgfcoretransparency.code.tex 2008/01/17  (rcs-revision 1.2)
)
(/usr/share/texmf/tex/generic/pgf/basiclayer/pgfcorepatterns.code.tex
File: pgfcorepatterns.code.tex 2009/07/02  (rcs-revision 1.3)
)))
(/usr/share/texmf/tex/generic/pgf/modules/pgfmoduleshapes.code.tex
File: pgfmoduleshapes.code.tex 2010/09/09  (rcs-revision 1.13)
\pgfnodeparttextbox=\box32
)
(/usr/share/texmf/tex/generic/pgf/modules/pgfmoduleplot.code.tex
File: pgfmoduleplot.code.tex 2010/10/22  (rcs-revision 1.8)
)
(/usr/share/texmf/tex/latex/pgf/compatibility/pgfcomp-version-0-65.sty
Package: pgfcomp-version-0-65 2007/07/03 v2.10 (rcs-revision 1.7)
\pgf@nodesepstart=\dimen146
\pgf@nodesepend=\dimen147
)
(/usr/share/texmf/tex/latex/pgf/compatibility/pgfcomp-version-1-18.sty
Package: pgfcomp-version-1-18 2007/07/23 v2.10 (rcs-revision 1.1)
))
(/usr/share/texmf/tex/latex/pgf/utilities/pgffor.sty
(/usr/share/texmf/tex/latex/pgf/utilities/pgfkeys.sty
(/usr/share/texmf/tex/generic/pgf/utilities/pgfkeys.code.tex))
(/usr/share/texmf/tex/generic/pgf/utilities/pgffor.code.tex
Package: pgffor 2010/03/23 v2.10 (rcs-revision 1.18)
\pgffor@iter=\dimen148
\pgffor@skip=\dimen149
\pgffor@stack=\toks26
\pgffor@toks=\toks27
))
(/usr/share/texmf/tex/generic/pgf/frontendlayer/tikz/tikz.code.tex
Package: tikz 2010/10/13 v2.10 (rcs-revision 1.76)

(/usr/share/texmf/tex/generic/pgf/libraries/pgflibraryplothandlers.code.tex
File: pgflibraryplothandlers.code.tex 2010/05/31 v2.10 (rcs-revision 1.15)
\pgf@plot@mark@count=\count108
\pgfplotmarksize=\dimen150
)
\tikz@lastx=\dimen151
\tikz@lasty=\dimen152
\tikz@lastxsaved=\dimen153
\tikz@lastysaved=\dimen154
\tikzleveldistance=\dimen155
\tikzsiblingdistance=\dimen156
\tikz@figbox=\box33
\tikz@tempbox=\box34
\tikztreelevel=\count109
\tikznumberofchildren=\count110
\tikznumberofcurrentchild=\count111
\tikz@fig@count=\count112

(/usr/share/texmf/tex/generic/pgf/modules/pgfmodulematrix.code.tex
File: pgfmodulematrix.code.tex 2010/08/24  (rcs-revision 1.4)
\pgfmatrixcurrentrow=\count113
\pgfmatrixcurrentcolumn=\count114
\pgf@matrix@numberofcolumns=\count115
)
\tikz@expandcount=\count116

(/usr/share/texmf/tex/generic/pgf/frontendlayer/tikz/libraries/tikzlibrarytopat
hs.code.tex
File: tikzlibrarytopaths.code.tex 2008/06/17 v2.10 (rcs-revision 1.2)
)))
(/usr/share/texmf/tex/generic/pgf/frontendlayer/tikz/libraries/tikzlibraryarrow
s.code.tex
File: tikzlibraryarrows.code.tex 2008/01/09 v2.10 (rcs-revision 1.1)

(/usr/share/texmf/tex/generic/pgf/libraries/pgflibraryarrows.code.tex
File: pgflibraryarrows.code.tex 2008/10/27 v2.10 (rcs-revision 1.9)
\arrowsize=\dimen157
))
(/usr/share/texmf/tex/generic/pgf/frontendlayer/tikz/libraries/tikzlibraryshape
s.code.tex
File: tikzlibraryshapes.code.tex 2008/01/09 v2.10 (rcs-revision 1.1)

(/usr/share/texmf/tex/generic/pgf/frontendlayer/tikz/libraries/tikzlibraryshape
s.geometric.code.tex
File: tikzlibraryshapes.geometric.code.tex 2008/01/09 v2.10 (rcs-revision 1.1)

(/usr/share/texmf/tex/generic/pgf/libraries/shapes/pgflibraryshapes.geometric.c
ode.tex
File: pgflibraryshapes.geometric.code.tex 2008/06/26 v2.10 (rcs-revision 1.1)
))
(/usr/share/texmf/tex/generic/pgf/frontendlayer/tikz/libraries/tikzlibraryshape
s.misc.code.tex
File: tikzlibraryshapes.misc.code.tex 2008/01/09 v2.10 (rcs-revision 1.1)

(/usr/share/texmf/tex/generic/pgf/libraries/shapes/pgflibraryshapes.misc.code.t
ex
File: pgflibraryshapes.misc.code.tex 2008/10/07 v2.10 (rcs-revision 1.3)
))
(/usr/share/texmf/tex/generic/pgf/frontendlayer/tikz/libraries/tikzlibraryshape
s.symbols.code.tex
File: tikzlibraryshapes.symbols.code.tex 2008/01/09 v2.10 (rcs-revision 1.1)

(/usr/share/texmf/tex/generic/pgf/libraries/shapes/pgflibraryshapes.symbols.cod
e.tex
File: pgflibraryshapes.symbols.code.tex 2009/10/27 v2.10 (rcs-revision 1.3)
))
(/usr/share/texmf/tex/generic/pgf/frontendlayer/tikz/libraries/tikzlibraryshape
s.arrows.code.tex
File: tikzlibraryshapes.arrows.code.tex 2008/01/09 v2.10 (rcs-revision 1.1)

(/usr/share/texmf/tex/generic/pgf/libraries/shapes/pgflibraryshapes.arrows.code
.tex
File: pgflibraryshapes.arrows.code.tex 2008/06/26 v2.10 (rcs-revision 1.1)
))
(/usr/share/texmf/tex/generic/pgf/frontendlayer/tikz/libraries/tikzlibraryshape
s.callouts.code.tex
(/usr/share/texmf/tex/generic/pgf/libraries/shapes/pgflibraryshapes.callouts.co
de.tex))
(/usr/share/texmf/tex/generic/pgf/frontendlayer/tikz/libraries/tikzlibraryshape
s.multipart.code.tex
File: tikzlibraryshapes.multipart.code.tex 2008/01/09 v2.10 (rcs-revision 1.1)

(/usr/share/texmf/tex/generic/pgf/libraries/shapes/pgflibraryshapes.multipart.c
ode.tex
File: pgflibraryshapes.multipart.code.tex 2010/01/07 v2.10 (rcs-revision 1.2)
\pgfnodepartlowerbox=\box35
\pgfnodeparttwobox=\box36
\pgfnodepartthreebox=\box37
\pgfnodepartfourbox=\box38
\pgfnodeparttwentybox=\box39
\pgfnodepartnineteenbox=\box40
\pgfnodeparteighteenbox=\box41
\pgfnodepartseventeenbox=\box42
\pgfnodepartsixteenbox=\box43
\pgfnodepartfifteenbox=\box44
\pgfnodepartfourteenbox=\box45
\pgfnodepartthirteenbox=\box46
\pgfnodeparttwelvebox=\box47
\pgfnodepartelevenbox=\box48
\pgfnodeparttenbox=\box49
\pgfnodepartninebox=\box50
\pgfnodeparteightbox=\box51
\pgfnodepartsevenbox=\box52
\pgfnodepartsixbox=\box53
\pgfnodepartfivebox=\box54
)))
(/usr/share/texmf/tex/generic/pgf/frontendlayer/tikz/libraries/tikzlibraryposit
ioning.code.tex
File: tikzlibrarypositioning.code.tex 2008/10/06 v2.10 (rcs-revision 1.7)
)
(/usr/share/texmf/tex/generic/pgf/frontendlayer/tikz/libraries/tikzlibrarypatte
rns.code.tex
File: tikzlibrarypatterns.code.tex 2008/01/15 v2.10 (rcs-revision 1.2)

(/usr/share/texmf/tex/generic/pgf/libraries/pgflibrarypatterns.code.tex
File: pgflibrarypatterns.code.tex 2008/03/03 v2.10 (rcs-revision 1.13)
))
(/usr/share/texmf/tex/generic/pgf/frontendlayer/tikz/libraries/tikzlibrarysnake
s.code.tex
File: tikzlibrarysnakes.code.tex 2008/02/05 v2.10 (rcs-revision 1.6)


Package tikz Warning: Snakes have been superseded by decorations. Please use th
e decoration libraries instead of the snakes library on input line 14.


(/usr/share/texmf/tex/generic/pgf/frontendlayer/tikz/libraries/tikzlibrarydecor
ations.pathmorphing.code.tex
(/usr/share/texmf/tex/generic/pgf/frontendlayer/tikz/libraries/tikzlibrarydecor
ations.code.tex
(/usr/share/texmf/tex/generic/pgf/modules/pgfmoduledecorations.code.tex
\pgfdecoratedcompleteddistance=\dimen158
\pgfdecoratedremainingdistance=\dimen159
\pgfdecoratedinputsegmentcompleteddistance=\dimen160
\pgfdecoratedinputsegmentremainingdistance=\dimen161
\pgf@decorate@distancetomove=\dimen162
\pgf@decorate@repeatstate=\count117
\pgfdecorationsegmentamplitude=\dimen163
\pgfdecorationsegmentlength=\dimen164
)
\tikz@lib@dec@box=\box55
)
(/usr/share/texmf/tex/generic/pgf/libraries/decorations/pgflibrarydecorations.p
athmorphing.code.tex))
(/usr/share/texmf/tex/generic/pgf/frontendlayer/tikz/libraries/tikzlibrarydecor
ations.pathreplacing.code.tex
(/usr/share/texmf/tex/generic/pgf/libraries/decorations/pgflibrarydecorations.p
athreplacing.code.tex))
(/usr/share/texmf/tex/generic/pgf/frontendlayer/tikz/libraries/tikzlibrarydecor
ations.shapes.code.tex
(/usr/share/texmf/tex/generic/pgf/libraries/decorations/pgflibrarydecorations.s
hapes.code.tex)))
(/usr/share/texmf/tex/generic/pgf/frontendlayer/tikz/libraries/tikzlibraryautom
ata.code.tex
File: tikzlibraryautomata.code.tex 2008/07/14 v2.10 (rcs-revision 1.3)
)
(/usr/share/texmf/tex/generic/pgf/frontendlayer/tikz/libraries/tikzlibrarybackg
rounds.code.tex
File: tikzlibrarybackgrounds.code.tex 2010/02/08 v2.10 (rcs-revision 1.2)
\pgf@layerbox@background=\box56
\pgf@layerboxsaved@background=\box57
)
(/usr/share/texmf/tex/generic/pgf/frontendlayer/tikz/libraries/tikzlibrarypetri
.code.tex
File: tikzlibrarypetri.code.tex 2008/06/18 v2.10 (rcs-revision 1.2)
) (/usr/share/texlive/texmf-dist/tex/latex/psnfss/times.sty
Package: times 2005/04/12 PSNFSS-v9.2a (SPQR) 
)
(/usr/share/texlive/texmf-dist/tex/latex/tools/multicol.sty
Package: multicol 2011/06/27 v1.7a multicolumn formatting (FMi)
\c@tracingmulticols=\count118
\mult@box=\box58
\multicol@leftmargin=\dimen165
\c@unbalance=\count119
\c@collectmore=\count120
\doublecol@number=\count121
\multicoltolerance=\count122
\multicolpretolerance=\count123
\full@width=\dimen166
\page@free=\dimen167
\premulticols=\dimen168
\postmulticols=\dimen169
\multicolsep=\skip43
\multicolbaselineskip=\skip44
\partial@page=\box59
\last@line=\box60
\mult@rightbox=\box61
\mult@grightbox=\box62
\mult@gfirstbox=\box63
\mult@firstbox=\box64
\@tempa=\box65
\@tempa=\box66
\@tempa=\box67
\@tempa=\box68
\@tempa=\box69
\@tempa=\box70
\@tempa=\box71
\@tempa=\box72
\@tempa=\box73
\@tempa=\box74
\@tempa=\box75
\@tempa=\box76
\@tempa=\box77
\@tempa=\box78
\@tempa=\box79
\@tempa=\box80
\@tempa=\box81
\c@columnbadness=\count124
\c@finalcolumnbadness=\count125
\last@try=\dimen170
\multicolovershoot=\dimen171
\multicolundershoot=\dimen172
\mult@nat@firstbox=\box82
\colbreak@box=\box83
\multicol@sort@counter=\count126
)
(/usr/share/texlive/texmf-dist/tex/latex/multirow/multirow.sty
\bigstrutjot=\dimen173
)
(/usr/share/texlive/texmf-dist/tex/latex/pdfpages/pdfpages.sty
Package: pdfpages 2012/04/03 v0.4s Insert pages of external PDF documents (AM)

(/usr/share/texlive/texmf-dist/tex/latex/base/ifthen.sty
Package: ifthen 2001/05/26 v1.1c Standard LaTeX ifthen package (DPC)
)
(/usr/share/texlive/texmf-dist/tex/latex/tools/calc.sty
Package: calc 2007/08/22 v4.3 Infix arithmetic (KKT,FJ)
\calc@Acount=\count127
\calc@Bcount=\count128
\calc@Adimen=\dimen174
\calc@Bdimen=\dimen175
\calc@Askip=\skip45
\calc@Bskip=\skip46
LaTeX Info: Redefining \setlength on input line 76.
LaTeX Info: Redefining \addtolength on input line 77.
\calc@Ccount=\count129
\calc@Cskip=\skip47
)
(/usr/share/texlive/texmf-dist/tex/latex/eso-pic/eso-pic.sty
Package: eso-pic 2010/10/06 v2.0c eso-pic (RN)

(/usr/share/texlive/texmf-dist/tex/generic/oberdiek/atbegshi.sty
Package: atbegshi 2011/10/05 v1.16 At begin shipout hook (HO)
))
(/usr/share/texlive/texmf-dist/tex/latex/pdfpages/pppdftex.def
File: pppdftex.def 2012/04/03 v0.4s Pdfpages driver for pdfTeX (AM)
)
\AM@pagebox=\box84
\AM@toc@title=\toks28
\c@AM@survey=\count130
\AM@templatesizebox=\box85
)
(/usr/share/texlive/texmf-dist/tex/latex/listings/listings.sty
\lst@mode=\count131
\lst@gtempboxa=\box86
\lst@token=\toks29
\lst@length=\count132
\lst@currlwidth=\dimen176
\lst@column=\count133
\lst@pos=\count134
\lst@lostspace=\dimen177
\lst@width=\dimen178
\lst@newlines=\count135
\lst@lineno=\count136
\lst@maxwidth=\dimen179

(/usr/share/texlive/texmf-dist/tex/latex/listings/lstmisc.sty
File: lstmisc.sty 2007/02/22 1.4 (Carsten Heinz)
\c@lstnumber=\count137
\lst@skipnumbers=\count138
\lst@framebox=\box87
)
(/usr/share/texlive/texmf-dist/tex/latex/listings/listings.cfg
File: listings.cfg 2007/02/22 1.4 listings configuration
))
Package: listings 2007/02/22 1.4 (Carsten Heinz)

(/usr/share/texlive/texmf-dist/tex/latex/listings/lstlang1.sty
File: lstlang1.sty 2004/09/05 1.3 listings language file
)
(/usr/share/texlive/texmf-dist/tex/latex/listings/lstmisc.sty
File: lstmisc.sty 2007/02/22 1.4 (Carsten Heinz)
)
(/usr/share/texlive/texmf-dist/tex/latex/colortbl/colortbl.sty
Package: colortbl 2012/02/13 v1.0a Color table columns (DPC)

(/usr/share/texlive/texmf-dist/tex/latex/tools/array.sty
Package: array 2008/09/09 v2.4c Tabular extension package (FMi)
\col@sep=\dimen180
\extrarowheight=\dimen181
\NC@list=\toks30
\extratabsurround=\skip48
\backup@length=\skip49
)
\everycr=\toks31
\minrowclearance=\skip50
)
(/usr/share/texlive/texmf-dist/tex/latex/float/float.sty
Package: float 2001/11/08 v1.3d Float enhancements (AL)
\c@float@type=\count139
\float@exts=\toks32
\float@box=\box88
\@float@everytoks=\toks33
\@floatcapt=\box89
)
(/usr/share/texlive/texmf-dist/tex/latex/rotating/rotating.sty
Package: rotating 2009/03/28 v2.16a rotated objects in LaTeX
\c@r@tfl@t=\count140
\rotFPtop=\skip51
\rotFPbot=\skip52
\rot@float@box=\box90
\rot@mess@toks=\toks34
)
(/usr/share/texlive/texmf-dist/tex/latex/oberdiek/pdflscape.sty
Package: pdflscape 2008/08/11 v0.10 Display of landscape pages in PDF (HO)

(/usr/share/texlive/texmf-dist/tex/latex/graphics/lscape.sty
Package: lscape 2000/10/22 v3.01 Landscape Pages (DPC)
)
Package pdflscape Info: Auto-detected driver: pdftex on input line 80.
)
(/usr/share/texlive/texmf-dist/tex/latex/pstricks/pstricks.sty
Package: pstricks 2011/10/31 v0.52 LaTeX wrapper for `PSTricks' (RN,HV)

(/usr/share/texlive/texmf-dist/tex/generic/pstricks/pstricks.tex
(/usr/share/texlive/texmf-dist/tex/generic/xkeyval/pst-xkey.tex
File: pst-xkey.tex 2005/11/25 v1.6 PSTricks specialization of xkeyval (HA)

(/usr/share/texlive/texmf-dist/tex/latex/xkeyval/xkeyval.sty
Package: xkeyval 2008/08/13 v2.6a package option processing (HA)

(/usr/share/texlive/texmf-dist/tex/generic/xkeyval/xkeyval.tex
\XKV@toks=\toks35
\XKV@tempa@toks=\toks36
\XKV@depth=\count141
File: xkeyval.tex 2008/08/13 v2.6a key=value parser (HA)
)))
(/usr/share/texlive/texmf-dist/tex/generic/pstricks/pst-fp.tex
`pst-fp' v0.05, 2010/01/17 (hv)
\pstFP@xs=\count142
\pstFP@xia=\count143
\pstFP@xib=\count144
\pstFP@xfa=\count145
\pstFP@xfb=\count146
\pstFP@rega=\count147
\pstFP@regb=\count148
\pstFP@regs=\count149
\pstFP@times=\count150
)
\psLoopIndex=\count151

`PSTricks' v2.29  <2012/06/04> (tvz)
\pst@dima=\dimen182
\pst@dimb=\dimen183
\pst@dimc=\dimen184
\pst@dimd=\dimen185
\pst@dimg=\dimen186
\pst@dimh=\dimen187
\pst@dimm=\dimen188
\pst@dimn=\dimen189
\pst@dimo=\dimen190
\pst@dimp=\dimen191
\pst@hbox=\box91
\pst@ibox=\box92
\pst@boxg=\box93
\pst@cnta=\count152
\pst@cntb=\count153
\pst@cntc=\count154
\pst@cntd=\count155
\pst@cntg=\count156
\pst@cnth=\count157
\pst@cntm=\count158
\pst@cntn=\count159
\pst@cnto=\count160
\pst@cntp=\count161
\@zero=\count162
\pst@toks=\toks37
(/usr/share/texlive/texmf-dist/tex/generic/pstricks/pstricks.con)
\psunit=\dimen192
\psxunit=\dimen193
\psyunit=\dimen194
\pst@C@@rType=\count163
\pslinewidth=\dimen195
\psk@startLW=\dimen196
\psk@endLW=\dimen197
\pst@customdefs=\toks38
\pslinearc=\dimen198
\pst@symbolStep=\dimen199
\pst@symbolWidth=\dimen200
\pst@symbolLinewidth=\dimen201
\everypsbox=\toks39
\psframesep=\dimen202
\pslabelsep=\dimen203
\pst@shift=\dimen204
\theoverlaybox=\box94
)
File: pstricks.tex 2012/06/04 v2.29 `PSTricks' (tvz,hv)

(/usr/share/texlive/texmf-dist/tex/generic/pstricks/pst-fp.tex)
File: pst-fp.tex 2012/06/04 v2.29 `PST-fp' (hv)
)
(/usr/share/texlive/texmf-dist/tex/latex/amsmath/amsmath.sty
Package: amsmath 2000/07/18 v2.13 AMS math features
\@mathmargin=\skip53

For additional information on amsmath, use the `?' option.
(/usr/share/texlive/texmf-dist/tex/latex/amsmath/amstext.sty
Package: amstext 2000/06/29 v2.01

(/usr/share/texlive/texmf-dist/tex/latex/amsmath/amsgen.sty
File: amsgen.sty 1999/11/30 v2.0
\@emptytoks=\toks40
\ex@=\dimen205
))
(/usr/share/texlive/texmf-dist/tex/latex/amsmath/amsbsy.sty
Package: amsbsy 1999/11/29 v1.2d
\pmbraise@=\dimen206
)
(/usr/share/texlive/texmf-dist/tex/latex/amsmath/amsopn.sty
Package: amsopn 1999/12/14 v2.01 operator names
)
\inf@bad=\count164
LaTeX Info: Redefining \frac on input line 211.
\uproot@=\count165
\leftroot@=\count166
LaTeX Info: Redefining \overline on input line 307.
\classnum@=\count167
\DOTSCASE@=\count168
LaTeX Info: Redefining \ldots on input line 379.
LaTeX Info: Redefining \dots on input line 382.
LaTeX Info: Redefining \cdots on input line 467.
\Mathstrutbox@=\box95
\strutbox@=\box96
\big@size=\dimen207
LaTeX Font Info:    Redeclaring font encoding OML on input line 567.
LaTeX Font Info:    Redeclaring font encoding OMS on input line 568.
\macc@depth=\count169
\c@MaxMatrixCols=\count170
\dotsspace@=\muskip10
\c@parentequation=\count171
\dspbrk@lvl=\count172
\tag@help=\toks41
\row@=\count173
\column@=\count174
\maxfields@=\count175
\andhelp@=\toks42
\eqnshift@=\dimen208
\alignsep@=\dimen209
\tagshift@=\dimen210
\tagwidth@=\dimen211
\totwidth@=\dimen212
\lineht@=\dimen213
\@envbody=\toks43
\multlinegap=\skip54
\multlinetaggap=\skip55
\mathdisplay@stack=\toks44
LaTeX Info: Redefining \[ on input line 2666.
LaTeX Info: Redefining \] on input line 2667.
)
(/usr/share/texlive/texmf-dist/tex/latex/amsfonts/amssymb.sty
Package: amssymb 2009/06/22 v3.00

(/usr/share/texlive/texmf-dist/tex/latex/amsfonts/amsfonts.sty
Package: amsfonts 2009/06/22 v3.00 Basic AMSFonts support
\symAMSa=\mathgroup4
\symAMSb=\mathgroup5
LaTeX Font Info:    Overwriting math alphabet `\mathfrak' in version `bold'
(Font)                  U/euf/m/n --> U/euf/b/n on input line 96.
))
(/usr/share/texlive/texmf-dist/tex/latex/base/latexsym.sty
Package: latexsym 1998/08/17 v2.2e Standard LaTeX package (lasy symbols)
\symlasy=\mathgroup6
LaTeX Font Info:    Overwriting symbol font `lasy' in version `bold'
(Font)                  U/lasy/m/n --> U/lasy/b/n on input line 47.
)
(/usr/share/texlive/texmf-dist/tex/latex/tools/bm.sty
Package: bm 2004/02/26 v1.1c Bold Symbol Support (DPC/FMi)
\symboldoperators=\mathgroup7
\symboldletters=\mathgroup8
\symboldsymbols=\mathgroup9
\symboldlasy=\mathgroup10
LaTeX Font Info:    Redeclaring math alphabet \mathbf on input line 138.
LaTeX Info: Redefining \bm on input line 204.
)
(/usr/share/texlive/texmf-dist/tex/latex/tools/longtable.sty
Package: longtable 2004/02/01 v4.11 Multi-page Table package (DPC)
\LTleft=\skip56
\LTright=\skip57
\LTpre=\skip58
\LTpost=\skip59
\LTchunksize=\count176
\LTcapwidth=\dimen214
\LT@head=\box97
\LT@firsthead=\box98
\LT@foot=\box99
\LT@lastfoot=\box100
\LT@cols=\count177
\LT@rows=\count178
\c@LT@tables=\count179
\c@LT@chunks=\count180
\LT@p@ftn=\toks45
)
(/usr/share/texlive/texmf-dist/tex/latex/hyperref/hyperref.sty
Package: hyperref 2012/05/13 v6.82q Hypertext links for LaTeX

(/usr/share/texlive/texmf-dist/tex/generic/oberdiek/hobsub-hyperref.sty
Package: hobsub-hyperref 2012/05/28 v1.13 Bundle oberdiek, subset hyperref (HO)


(/usr/share/texlive/texmf-dist/tex/generic/oberdiek/hobsub-generic.sty
Package: hobsub-generic 2012/05/28 v1.13 Bundle oberdiek, subset generic (HO)
Package: hobsub 2012/05/28 v1.13 Construct package bundles (HO)
Package hobsub Info: Skipping package `infwarerr' (already loaded).
Package hobsub Info: Skipping package `ltxcmds' (already loaded).
Package: ifluatex 2010/03/01 v1.3 Provides the ifluatex switch (HO)
Package ifluatex Info: LuaTeX not detected.
Package hobsub Info: Skipping package `ifvtex' (already loaded).
Package: intcalc 2007/09/27 v1.1 Expandable calculations with integers (HO)
Package hobsub Info: Skipping package `ifpdf' (already loaded).
Package: etexcmds 2011/02/16 v1.5 Avoid name clashes with e-TeX commands (HO)
Package etexcmds Info: Could not find \expanded.
(etexcmds)             That can mean that you are not using pdfTeX 1.50 or
(etexcmds)             that some package has redefined \expanded.
(etexcmds)             In the latter case, load this package earlier.
Package: kvsetkeys 2012/04/25 v1.16 Key value parser (HO)
Package: kvdefinekeys 2011/04/07 v1.3 Define keys (HO)
Package: pdftexcmds 2011/11/29 v0.20 Utility functions of pdfTeX for LuaTeX (HO
)
Package pdftexcmds Info: LuaTeX not detected.
Package pdftexcmds Info: \pdf@primitive is available.
Package pdftexcmds Info: \pdf@ifprimitive is available.
Package pdftexcmds Info: \pdfdraftmode found.
Package: pdfescape 2011/11/25 v1.13 Implements pdfTeX's escape features (HO)
Package: bigintcalc 2012/04/08 v1.3 Expandable calculations on big integers (HO
)
Package: bitset 2011/01/30 v1.1 Handle bit-vector datatype (HO)
Package: uniquecounter 2011/01/30 v1.2 Provide unlimited unique counter (HO)
)
Package hobsub Info: Skipping package `hobsub' (already loaded).
Package: letltxmacro 2010/09/02 v1.4 Let assignment for LaTeX macros (HO)
Package: hopatch 2012/05/28 v1.2 Wrapper for package hooks (HO)
Package: xcolor-patch 2011/01/30 xcolor patch
Package: atveryend 2011/06/30 v1.8 Hooks at the very end of document (HO)
Package atveryend Info: \enddocument detected (standard20110627).
Package hobsub Info: Skipping package `atbegshi' (already loaded).
Package: refcount 2011/10/16 v3.4 Data extraction from label references (HO)
Package: hycolor 2011/01/30 v1.7 Color options for hyperref/bookmark (HO)
)
(/usr/share/texlive/texmf-dist/tex/latex/oberdiek/kvoptions.sty
Package: kvoptions 2011/06/30 v3.11 Key value format for package options (HO)
)
\@linkdim=\dimen215
\Hy@linkcounter=\count181
\Hy@pagecounter=\count182

(/usr/share/texlive/texmf-dist/tex/latex/hyperref/pd1enc.def
File: pd1enc.def 2012/05/13 v6.82q Hyperref: PDFDocEncoding definition (HO)
)
\Hy@SavedSpaceFactor=\count183

(/usr/share/texlive/texmf-dist/tex/latex/latexconfig/hyperref.cfg
File: hyperref.cfg 2002/06/06 v1.2 hyperref configuration of TeXLive
)
Package hyperref Info: Hyper figures OFF on input line 4062.
Package hyperref Info: Link nesting OFF on input line 4067.
Package hyperref Info: Hyper index ON on input line 4070.
Package hyperref Info: Plain pages OFF on input line 4077.
Package hyperref Info: Backreferencing OFF on input line 4082.
Package hyperref Info: Implicit mode ON; LaTeX internals redefined.
Package hyperref Info: Bookmarks ON on input line 4300.
\c@Hy@tempcnt=\count184

(/usr/share/texlive/texmf-dist/tex/latex/url/url.sty
\Urlmuskip=\muskip11
Package: url 2006/04/12  ver 3.3  Verb mode for urls, etc.
)
LaTeX Info: Redefining \url on input line 4653.
\Fld@menulength=\count185
\Field@Width=\dimen216
\Fld@charsize=\dimen217
Package hyperref Info: Hyper figures OFF on input line 5773.
Package hyperref Info: Link nesting OFF on input line 5778.
Package hyperref Info: Hyper index ON on input line 5781.
Package hyperref Info: backreferencing OFF on input line 5788.
Package hyperref Info: Link coloring OFF on input line 5793.
Package hyperref Info: Link coloring with OCG OFF on input line 5798.
Package hyperref Info: PDF/A mode OFF on input line 5803.
LaTeX Info: Redefining \ref on input line 5843.
LaTeX Info: Redefining \pageref on input line 5847.
\Hy@abspage=\count186
\c@Item=\count187
\c@Hfootnote=\count188
)

Package hyperref Message: Driver (autodetected): hpdftex.

(/usr/share/texlive/texmf-dist/tex/latex/hyperref/hpdftex.def
File: hpdftex.def 2012/05/13 v6.82q Hyperref driver for pdfTeX
\Fld@listcount=\count189
\c@bookmark@seq@number=\count190

(/usr/share/texlive/texmf-dist/tex/latex/oberdiek/rerunfilecheck.sty
Package: rerunfilecheck 2011/04/15 v1.7 Rerun checks for auxiliary files (HO)
Package uniquecounter Info: New unique counter `rerunfilecheck' on input line 2
82.
)
\Hy@SectionHShift=\skip60
)
(/usr/share/texlive/texmf-dist/tex/latex/memoir/memhfixc.sty
Package: memhfixc 2010/08/17 v1.15 nameref/hyperref package fixes for memoir cl
ass

No memoir class: memhfixc does nothing
) (./embedded_book.aux
LaTeX Info: Redefining \. on input line 18.
LaTeX Info: Redefining \% on input line 18.
)
\openout1 = `embedded_book.aux'.

LaTeX Font Info:    Checking defaults for OML/cmm/m/it on input line 74.
LaTeX Font Info:    ... okay on input line 74.
LaTeX Font Info:    Checking defaults for T1/cmr/m/n on input line 74.
LaTeX Font Info:    ... okay on input line 74.
LaTeX Font Info:    Checking defaults for OT1/cmr/m/n on input line 74.
LaTeX Font Info:    ... okay on input line 74.
LaTeX Font Info:    Checking defaults for OMS/cmsy/m/n on input line 74.
LaTeX Font Info:    ... okay on input line 74.
LaTeX Font Info:    Checking defaults for OMX/cmex/m/n on input line 74.
LaTeX Font Info:    ... okay on input line 74.
LaTeX Font Info:    Checking defaults for U/cmr/m/n on input line 74.
LaTeX Font Info:    ... okay on input line 74.
LaTeX Font Info:    Checking defaults for PD1/pdf/m/n on input line 74.
LaTeX Font Info:    ... okay on input line 74.
LaTeX Font Info:    Try loading font information for OT1+ptm on input line 74.

(/usr/share/texlive/texmf-dist/tex/latex/psnfss/ot1ptm.fd
File: ot1ptm.fd 2001/06/04 font definitions for OT1/ptm.
)
LaTeX Info: Redefining \. on input line 74.
LaTeX Info: Redefining \% on input line 74.

*geometry* driver: auto-detecting
*geometry* detected driver: pdftex
*geometry* verbose mode - [ preamble ] result:
* driver: pdftex
* paper: a4paper
* layout: <same size as paper>
* layoutoffset:(h,v)=(0.0pt,0.0pt)
* modes: twoside 
* h-part:(L,W,R)=(71.70166pt, 418.25368pt, 107.55254pt)
* v-part:(T,H,B)=(85.35826pt, 674.33032pt, 85.35826pt)
* \paperwidth=597.50787pt
* \paperheight=845.04684pt
* \textwidth=418.25368pt
* \textheight=674.33032pt
* \oddsidemargin=-0.56833pt
* \evensidemargin=35.28255pt
* \topmargin=-16.97922pt
* \headheight=12.0pt
* \headsep=18.06749pt
* \topskip=10.0pt
* \footskip=25.29494pt
* \marginparwidth=125.0pt
* \marginparsep=7.0pt
* \columnsep=10.0pt
* \skip\footins=9.0pt plus 4.0pt minus 2.0pt
* \hoffset=0.0pt
* \voffset=0.0pt
* \mag=1000
* \@twocolumnfalse
* \@twosidetrue
* \@mparswitchtrue
* \@reversemarginfalse
* (1in=72.27pt=25.4mm, 1cm=28.453pt)

(/usr/share/texlive/texmf-dist/tex/context/base/supp-pdf.mkii
[Loading MPS to PDF converter (version 2006.09.02).]
\scratchcounter=\count191
\scratchdimen=\dimen218
\scratchbox=\box101
\nofMPsegments=\count192
\nofMParguments=\count193
\everyMPshowfont=\toks46
\MPscratchCnt=\count194
\MPscratchDim=\dimen219
\MPnumerator=\count195
\makeMPintoPDFobject=\count196
\everyMPtoPDFconversion=\toks47
) ABD: EveryShipout initializing macros
(/usr/share/texlive/texmf-dist/tex/latex/oberdiek/epstopdf-base.sty
Package: epstopdf-base 2010/02/09 v2.5 Base part for package epstopdf

(/usr/share/texlive/texmf-dist/tex/latex/oberdiek/grfext.sty
Package: grfext 2010/08/19 v1.1 Manage graphics extensions (HO)
)
Package grfext Info: Graphics extension search list:
(grfext)             [.png,.pdf,.jpg,.mps,.jpeg,.jbig2,.jb2,.PNG,.PDF,.JPG,.JPE
G,.JBIG2,.JB2,.eps]
(grfext)             \AppendGraphicsExtensions on input line 452.

(/usr/share/texlive/texmf-dist/tex/latex/latexconfig/epstopdf-sys.cfg
File: epstopdf-sys.cfg 2010/07/13 v1.3 Configuration of (r)epstopdf for TeX Liv
e
))
\AtBeginShipoutBox=\box102
\c@lstlisting=\count197
Package hyperref Info: Link coloring OFF on input line 74.

(/usr/share/texlive/texmf-dist/tex/latex/hyperref/nameref.sty
Package: nameref 2010/04/30 v2.40 Cross-referencing by name of section

(/usr/share/texlive/texmf-dist/tex/generic/oberdiek/gettitlestring.sty
Package: gettitlestring 2010/12/03 v1.4 Cleanup title references (HO)
)
\c@section@level=\count198
)
LaTeX Info: Redefining \ref on input line 74.
LaTeX Info: Redefining \pageref on input line 74.
LaTeX Info: Redefining \nameref on input line 74.

(./embedded_book.out) (./embedded_book.out)
\@outlinefile=\write4
\openout4 = `embedded_book.out'.

LaTeX Font Info:    Try loading font information for U+msa on input line 85.

(/usr/share/texlive/texmf-dist/tex/latex/amsfonts/umsa.fd
File: umsa.fd 2009/06/22 v3.00 AMS symbols A
)
LaTeX Font Info:    Try loading font information for U+msb on input line 85.

(/usr/share/texlive/texmf-dist/tex/latex/amsfonts/umsb.fd
File: umsb.fd 2009/06/22 v3.00 AMS symbols B
)
LaTeX Font Info:    Try loading font information for U+lasy on input line 85.

(/usr/share/texlive/texmf-dist/tex/latex/base/ulasy.fd
File: ulasy.fd 1998/08/17 v2.2e LaTeX symbol font definitions
)
LaTeX Font Info:    Font shape `U/lasy/b/n' in size <8> not available
(Font)              Font shape `U/lasy/m/n' tried instead on input line 85.
LaTeX Font Info:    Font shape `U/lasy/b/n' in size <6> not available
(Font)              Font shape `U/lasy/m/n' tried instead on input line 85.
 [1
Non-PDF special ignored!
Non-PDF special ignored!
Non-PDF special ignored!
Non-PDF special ignored!


Non-PDF special ignored!
Non-PDF special ignored!

{/var/lib/texmf/fonts/map/pdftex/updmap/pdftex.map}]
[2


]
LaTeX Font Info:    Font shape `OT1/ptm/bx/n' in size <24.88> not available
(Font)              Font shape `OT1/ptm/b/n' tried instead on input line 93.
 (./embedded_book.toc
LaTeX Info: Redefining \. on input line 1.
LaTeX Info: Redefining \% on input line 1.
LaTeX Font Info:    Font shape `OT1/ptm/bx/n' in size <10> not available
(Font)              Font shape `OT1/ptm/b/n' tried instead on input line 2.
LaTeX Font Info:    Font shape `U/lasy/b/n' in size <7> not available
(Font)              Font shape `U/lasy/m/n' tried instead on input line 3.
LaTeX Font Info:    Font shape `U/lasy/b/n' in size <5> not available
(Font)              Font shape `U/lasy/m/n' tried instead on input line 3.
)
\tf@toc=\write5
\openout5 = `embedded_book.toc'.

 [1

] [2

] (./LM32/lm32.tex
Cap\'{\i }tulo 1.
LaTeX Font Info:    Font shape `OT1/ptm/bx/n' in size <20.74> not available
(Font)              Font shape `OT1/ptm/b/n' tried instead on input line 1.
LaTeX Font Info:    Font shape `OT1/ptm/bx/n' in size <14.4> not available
(Font)              Font shape `OT1/ptm/b/n' tried instead on input line 3.
pdfTeX warning (ext4): destination with the same identifier (name{page.1}) has 
been already used, duplicate ignored
<to be read again> 
                   \relax 
l.30  \item[M]
               \textit{Memory}: Para instrucciones más complejas como acceso...
[1

] <./LM32/images/lm32_block_diagram.pdf, id=118, 730.73pt x 672.5125pt>
File: ./LM32/images/lm32_block_diagram.pdf Graphic file (type pdf)

<use ./LM32/images/lm32_block_diagram.pdf>
Package pdftex.def Info: ./LM32/images/lm32_block_diagram.pdf used on input lin
e 36.
(pdftex.def)             Requested size: 438.44138pt x 403.5106pt.

Overfull \hbox (20.1877pt too wide) in paragraph at lines 36--36
 [] 
 []

LaTeX Font Info:    Font shape `OT1/ptm/bx/n' in size <12> not available
(Font)              Font shape `OT1/ptm/b/n' tried instead on input line 40.
pdfTeX warning (ext4): destination with the same identifier (name{page.2}) has 
been already used, duplicate ignored
<to be read again> 
                   \relax 
l.42 
      [2 <./LM32/images/lm32_block_diagram.pdf>]
LaTeX Font Info:    Font shape `OT1/ptm/bx/it' in size <10> not available
(Font)              Font shape `OT1/ptm/b/it' tried instead on input line 43.
 [3]
(/usr/share/texlive/texmf-dist/tex/latex/listings/lstlang1.sty
File: lstlang1.sty 2004/09/05 1.3 listings language file
)
(/usr/share/texlive/texmf-dist/tex/latex/listings/lstlang2.sty
File: lstlang2.sty 2004/09/05 1.3 listings language file
)
(/usr/share/texlive/texmf-dist/tex/latex/listings/lstlang3.sty
File: lstlang3.sty 2004/09/05 1.3 listings language file
)
LaTeX Font Info:    Try loading font information for OML+ptm on input line 145.


(/usr/share/texlive/texmf-dist/tex/latex/psnfss/omlptm.fd
File: omlptm.fd 
)
LaTeX Font Info:    Font shape `OML/ptm/m/n' in size <8> not available
(Font)              Font shape `OML/cmm/m/it' tried instead on input line 145.

<./LM32/images/arith_register.pdf, id=149, 1616.0375pt x 2595.6975pt>
File: ./LM32/images/arith_register.pdf Graphic file (type pdf)

<use ./LM32/images/arith_register.pdf>
Package pdftex.def Info: ./LM32/images/arith_register.pdf used on input line 15
3.
(pdftex.def)             Requested size: 323.20177pt x 519.13031pt.
 [4]
<./LM32/images/arith_immediate.pdf, id=174, 1616.0375pt x 2608.74625pt>
File: ./LM32/images/arith_immediate.pdf Graphic file (type pdf)

<use ./LM32/images/arith_immediate.pdf>
Package pdftex.def Info: ./LM32/images/arith_immediate.pdf used on input line 1
66.
(pdftex.def)             Requested size: 323.20177pt x 521.74002pt.

Overfull \hbox (37.44136pt too wide) in paragraph at lines 179--180
\OT1/ptm/m/it/10 lect[]call[]immediate \OT1/ptm/m/n/10 en-tre las se[]nales \OT
1/ptm/m/it/10 call[]immediate \OT1/ptm/m/n/10 (para in-struc-ciones de lla-ma-d
o a fun-ci[]on) y \OT1/ptm/m/it/10 branch[]immediate\OT1/ptm/m/n/10 ;
 []

<./LM32/images/branch_condition.pdf, id=176, 2090.81125pt x 2686.035pt>
File: ./LM32/images/branch_condition.pdf Graphic file (type pdf)

<use ./LM32/images/branch_condition.pdf>
Package pdftex.def Info: ./LM32/images/branch_condition.pdf used on input line 
183.
(pdftex.def)             Requested size: 418.15485pt x 537.1975pt.

<./LM32/images/loop_example.pdf, id=178, 645.41125pt x 142.5325pt>
File: ./LM32/images/loop_example.pdf Graphic file (type pdf)

<use ./LM32/images/loop_example.pdf>
Package pdftex.def Info: ./LM32/images/loop_example.pdf used on input line 190.

(pdftex.def)             Requested size: 387.24974pt x 85.52014pt.
 [5] [6 <./LM32/images/arith_register.pdf>] [7 <./LM32/images/arith_immediate.p
df>] [8 <./LM32/images/branch_condition.pdf>]
LaTeX Font Info:    Try loading font information for OMS+ptm on input line 203.

 (/usr/share/texlive/texmf-dist/tex/latex/psnfss/omsptm.fd
File: omsptm.fd 
)
LaTeX Font Info:    Font shape `OMS/ptm/m/n' in size <8> not available
(Font)              Font shape `OMS/cmsy/m/n' tried instead on input line 203.

<./LM32/images/branch_call_immediate.pdf, id=296, 2115.905pt x 2640.86626pt>
File: ./LM32/images/branch_call_immediate.pdf Graphic file (type pdf)

<use ./LM32/images/branch_call_immediate.pdf>
Package pdftex.def Info: ./LM32/images/branch_call_immediate.pdf used on input 
line 230.
(pdftex.def)             Requested size: 423.17351pt x 528.1639pt.

Overfull \hbox (4.91983pt too wide) in paragraph at lines 230--230
 [] 
 []

<./LM32/images/branch_call.pdf, id=297, 1829.83624pt x 2640.86626pt>
File: ./LM32/images/branch_call.pdf Graphic file (type pdf)

<use ./LM32/images/branch_call.pdf>
Package pdftex.def Info: ./LM32/images/branch_call.pdf used on input line 236.
(pdftex.def)             Requested size: 365.96077pt x 528.1639pt.
 [9 <./LM32/images/loop_example.pdf>]
[10 <./LM32/images/branch_call_immediate.pdf>] [11 <./LM32/images/branch_call.p
df>] <./LM32/images/call_function.pdf, id=402, 766.865pt x 180.675pt>
File: ./LM32/images/call_function.pdf Graphic file (type pdf)

<use ./LM32/images/call_function.pdf>
Package pdftex.def Info: ./LM32/images/call_function.pdf used on input line 247
.
(pdftex.def)             Requested size: 460.12256pt x 108.40582pt.

Overfull \hbox (41.86888pt too wide) in paragraph at lines 247--247
 [] 
 []

<./LM32/images/call_function_nested.pdf, id=404, 673.51625pt x 209.78375pt>
File: ./LM32/images/call_function_nested.pdf Graphic file (type pdf)

<use ./LM32/images/call_function_nested.pdf>
Package pdftex.def Info: ./LM32/images/call_function_nested.pdf used on input l
ine 255.
(pdftex.def)             Requested size: 404.11287pt x 125.8712pt.
 [12 <./LM32/images/call_function.pdf> <./LM32/images/call_function_nested.pdf

pdfTeX warning: pdflatex (file ./LM32/images/call_function_nested.pdf): PDF inc
lusion: multiple pdfs with page group included in a single page
>] <./LM32/images/data_types.pdf, id=444, 873.2625pt x 419.5675pt>
File: ./LM32/images/data_types.pdf Graphic file (type pdf)

<use ./LM32/images/data_types.pdf>
Package pdftex.def Info: ./LM32/images/data_types.pdf used on input line 274.
(pdftex.def)             Requested size: 523.96153pt x 251.74243pt.

Overfull \hbox (105.70786pt too wide) in paragraph at lines 274--274
 [] 
 []

<./LM32/images/char.pdf, id=448, 652.4375pt x 116.435pt>
File: ./LM32/images/char.pdf Graphic file (type pdf)

<use ./LM32/images/char.pdf>
Package pdftex.def Info: ./LM32/images/char.pdf used on input line 282.
(pdftex.def)             Requested size: 391.46552pt x 69.86153pt.

<./LM32/images/short.pdf, id=449, 653.44125pt x 116.435pt>
File: ./LM32/images/short.pdf Graphic file (type pdf)

<use ./LM32/images/short.pdf>
Package pdftex.def Info: ./LM32/images/short.pdf used on input line 287.
(pdftex.def)             Requested size: 392.06776pt x 69.86153pt.

<./LM32/images/int.pdf, id=450, 653.44125pt x 116.435pt>
File: ./LM32/images/int.pdf Graphic file (type pdf)

<use ./LM32/images/int.pdf>
Package pdftex.def Info: ./LM32/images/int.pdf used on input line 292.
(pdftex.def)             Requested size: 392.06776pt x 69.86153pt.

Overfull \hbox (5.72223pt too wide) in paragraph at lines 298--299
[]\OT1/ptm/m/n/10 El ac-ce-so a memo-ria de datos per-mite ex-ten-der las ca-pa
ci-dades del proce-sador posi-bil-i-tan-do la conexi[]on
 []

[13 <./LM32/images/data_types.pdf> <./LM32/images/char.pdf>]
<./LM32/images/store.pdf, id=484, 2055.68pt x 2626.81375pt>
File: ./LM32/images/store.pdf Graphic file (type pdf)

<use ./LM32/images/store.pdf>
Package pdftex.def Info: ./LM32/images/store.pdf used on input line 308.
(pdftex.def)             Requested size: 411.12872pt x 525.35345pt.

<./LM32/images/load.pdf, id=486, 2058.69125pt x 2627.8175pt>
File: ./LM32/images/load.pdf Graphic file (type pdf)

<use ./LM32/images/load.pdf>
Package pdftex.def Info: ./LM32/images/load.pdf used on input line 319.
(pdftex.def)             Requested size: 411.73096pt x 525.5542pt.
 [14 <./LM32/images/short.pdf> <./LM32/images/int.pdf>] [15 <./LM32/images/stor
e.pdf>] [16 <./LM32/images/load.pdf>]
Overfull \hbox (32.17398pt too wide) in paragraph at lines 334--336
\OT1/ptm/m/it/10 da-ta[]bus[]error[]exception\OT1/ptm/m/n/10 , \OT1/ptm/m/it/10
 di-vide[]by[]zero[]exception \OT1/ptm/m/n/10 o \OT1/ptm/m/it/10 in-ter-rupt[]e
xception\OT1/ptm/m/n/10 ; lo que ac-ti-var[]a la se[]nal \OT1/ptm/m/it/10 branc
h[]taken[]m
 []

<./LM32/images/exception_generation.pdf, id=583, 1828.8325pt x 1407.2575pt>
File: ./LM32/images/exception_generation.pdf Graphic file (type pdf)

<use ./LM32/images/exception_generation.pdf>
Package pdftex.def Info: ./LM32/images/exception_generation.pdf used on input l
ine 341.
(pdftex.def)             Requested size: 365.76003pt x 281.44652pt.
 [17 <./LM32/images/exception_generation.pdf>] [18]
<./LM32/images/exception_csr.pdf, id=655, 2184.16pt x 2878.755pt>
File: ./LM32/images/exception_csr.pdf Graphic file (type pdf)

<use ./LM32/images/exception_csr.pdf>
Package pdftex.def Info: ./LM32/images/exception_csr.pdf used on input line 430
.
(pdftex.def)             Requested size: 436.82426pt x 575.74081pt.

Overfull \hbox (18.57059pt too wide) in paragraph at lines 430--430
 [] 
 []

<./LM32/images/eret_ret.pdf, id=657, 2078.76625pt x 2602.72375pt>
File: ./LM32/images/eret_ret.pdf Graphic file (type pdf)

<use ./LM32/images/eret_ret.pdf>
Package pdftex.def Info: ./LM32/images/eret_ret.pdf used on input line 443.
(pdftex.def)             Requested size: 415.7459pt x 520.53554pt.

<./LM32/images/interrupt_process.pdf, id=659, 737.75626pt x 456.70625pt>
File: ./LM32/images/interrupt_process.pdf Graphic file (type pdf)

<use ./LM32/images/interrupt_process.pdf>
Package pdftex.def Info: ./LM32/images/interrupt_process.pdf used on input line
 453.
(pdftex.def)             Requested size: 368.87723pt x 228.35255pt.

<./LM32/images/LM32_SoC_block_diagram.pdf, id=660, 484.81125pt x 314.17375pt>
File: ./LM32/images/LM32_SoC_block_diagram.pdf Graphic file (type pdf)

<use ./LM32/images/LM32_SoC_block_diagram.pdf>
Package pdftex.def Info: ./LM32/images/LM32_SoC_block_diagram.pdf used on input
 line 467.
(pdftex.def)             Requested size: 290.88899pt x 188.50569pt.
 [19] [20 <./LM32/images/exception_csr.pdf>] [21 <./LM32/images/eret_ret.pdf>] 
[22 <./LM32/images/interrupt_process.pdf> <./LM32/images/LM32_SoC_block_diagram
.pdf

pdfTeX warning: pdflatex (file ./LM32/images/LM32_SoC_block_diagram.pdf): PDF i
nclusion: multiple pdfs with page group included in a single page
>] <./LM32/images/uart_read_waves.pdf, id=777, 653.44125pt x 159.59625pt>
File: ./LM32/images/uart_read_waves.pdf Graphic file (type pdf)

<use ./LM32/images/uart_read_waves.pdf>
Package pdftex.def Info: ./LM32/images/uart_read_waves.pdf used on input line 5
01.
(pdftex.def)             Requested size: 392.06776pt x 95.75847pt.
File: ./LM32/images/uart_read_waves.pdf Graphic file (type pdf)

<use ./LM32/images/uart_read_waves.pdf>
Package pdftex.def Info: ./LM32/images/uart_read_waves.pdf used on input line 5
08.
(pdftex.def)             Requested size: 392.06776pt x 95.75847pt.

<./LM32/images/conbus.pdf, id=780, 1116.17pt x 432.61626pt>
File: ./LM32/images/conbus.pdf Graphic file (type pdf)

<use ./LM32/images/conbus.pdf>
Package pdftex.def Info: ./LM32/images/conbus.pdf used on input line 518.
(pdftex.def)             Requested size: 390.66536pt x 151.41795pt.
 [23 <./LM32/images/uart_read_waves.pdf>]
<./LM32/images/conbus_write.pdf, id=796, 797.98125pt x 258.9675pt>
File: ./LM32/images/conbus_write.pdf Graphic file (type pdf)

<use ./LM32/images/conbus_write.pdf>
Package pdftex.def Info: ./LM32/images/conbus_write.pdf used on input line 542.

(pdftex.def)             Requested size: 279.29762pt x 90.63997pt.
 [24 <./LM32/images/conbus.pdf> <./LM32/images/conbus_write.pdf

pdfTeX warning: pdflatex (file ./LM32/images/conbus_write.pdf): PDF inclusion: 
multiple pdfs with page group included in a single page
>] <./LM32/images/conbus_read.pdf, id=833, 307.1475pt x 176.66pt>
File: ./LM32/images/conbus_read.pdf Graphic file (type pdf)

<use ./LM32/images/conbus_read.pdf>
Package pdftex.def Info: ./LM32/images/conbus_read.pdf used on input line 549.
(pdftex.def)             Requested size: 107.50323pt x 61.83192pt.

<./LM32/images/conbus_signals.pdf, id=835, 652.4375pt x 187.70125pt>
File: ./LM32/images/conbus_signals.pdf Graphic file (type pdf)

<use ./LM32/images/conbus_signals.pdf>
Package pdftex.def Info: ./LM32/images/conbus_signals.pdf used on input line 56
4.
(pdftex.def)             Requested size: 228.35654pt x 65.69641pt.

<./LM32/images/gpio.pdf, id=837, 705.63625pt x 375.4025pt>
File: ./LM32/images/gpio.pdf Graphic file (type pdf)

<use ./LM32/images/gpio.pdf>
Package pdftex.def Info: ./LM32/images/gpio.pdf used on input line 578.
(pdftex.def)             Requested size: 423.38501pt x 225.24323pt.

Overfull \hbox (5.13133pt too wide) in paragraph at lines 578--578
 [] 
 []

<./LM32/images/gpio_read.pdf, id=839, 615.29875pt x 280.04625pt>
File: ./LM32/images/gpio_read.pdf Graphic file (type pdf)

<use ./LM32/images/gpio_read.pdf>
Package pdftex.def Info: ./LM32/images/gpio_read.pdf used on input line 587.
(pdftex.def)             Requested size: 369.1821pt x 168.02904pt.
 [25 <./LM32/images/conbus_read.pdf> <./LM32/images/conbus_signals.pdf>] [26 <.
/LM32/images/gpio.pdf> <./LM32/images/gpio_read.pdf

pdfTeX warning: pdflatex (file ./LM32/images/gpio_read.pdf): PDF inclusion: mul
tiple pdfs with page group included in a single page
>] <./LM32/images/gpio_write.pdf, id=904, 684.5575pt x 283.0575pt>
File: ./LM32/images/gpio_write.pdf Graphic file (type pdf)

<use ./LM32/images/gpio_write.pdf>
Package pdftex.def Info: ./LM32/images/gpio_write.pdf used on input line 595.
(pdftex.def)             Requested size: 410.73766pt x 169.8358pt.

<./LM32/images/uart_block_full.pdf, id=906, 607.26875pt x 398.48875pt>
File: ./LM32/images/uart_block_full.pdf Graphic file (type pdf)

<use ./LM32/images/uart_block_full.pdf>
Package pdftex.def Info: ./LM32/images/uart_block_full.pdf used on input line 6
08.
(pdftex.def)             Requested size: 364.36406pt x 239.0951pt.

<./LM32/images/uart_block_read.pdf, id=908, 565.11125pt x 351.3125pt>
File: ./LM32/images/uart_block_read.pdf Graphic file (type pdf)

<use ./LM32/images/uart_block_read.pdf>
Package pdftex.def Info: ./LM32/images/uart_block_read.pdf used on input line 6
19.
(pdftex.def)             Requested size: 339.06937pt x 210.78911pt.

<./LM32/images/uart_block_write.pdf, id=910, 576.1525pt x 270.00874pt>
File: ./LM32/images/uart_block_write.pdf Graphic file (type pdf)

<use ./LM32/images/uart_block_write.pdf>
Package pdftex.def Info: ./LM32/images/uart_block_write.pdf used on input line 
628.
(pdftex.def)             Requested size: 345.69415pt x 162.00648pt.

<./LM32/images/timer.pdf, id=912, 625.33624pt x 414.54875pt>
File: ./LM32/images/timer.pdf Graphic file (type pdf)

<use ./LM32/images/timer.pdf>
Package pdftex.def Info: ./LM32/images/timer.pdf used on input line 637.
(pdftex.def)             Requested size: 375.20464pt x 248.73116pt.

<./LM32/images/timer_read.pdf, id=914, 624.3325pt x 241.90375pt>
File: ./LM32/images/timer_read.pdf Graphic file (type pdf)

<use ./LM32/images/timer_read.pdf>
Package pdftex.def Info: ./LM32/images/timer_read.pdf used on input line 644.
(pdftex.def)             Requested size: 374.60239pt x 145.14336pt.
 [27 <./LM32/images/gpio_write.pdf>] [28 <./LM32/images/uart_block_full.pdf> <.
/LM32/images/uart_block_read.pdf

pdfTeX warning: pdflatex (file ./LM32/images/uart_block_read.pdf): PDF inclusio
n: multiple pdfs with page group included in a single page
>] [29 <./LM32/images/uart_block_write.pdf> <./LM32/images/timer.pdf

pdfTeX warning: pdflatex (file ./LM32/images/timer.pdf): PDF inclusion: multipl
e pdfs with page group included in a single page
>] <./LM32/images/timer_write.pdf, id=1015, 625.33624pt x 299.1175pt>
File: ./LM32/images/timer_write.pdf Graphic file (type pdf)

<use ./LM32/images/timer_write.pdf>
Package pdftex.def Info: ./LM32/images/timer_write.pdf used on input line 651.
(pdftex.def)             Requested size: 375.20464pt x 179.47188pt.
 [30 <./LM32/images/timer_read.pdf> <./LM32/images/timer_write.pdf

pdfTeX warning: pdflatex (file ./LM32/images/timer_write.pdf): PDF inclusion: m
ultiple pdfs with page group included in a single page
>] <./LM32/images/gpio_sw_interface.pdf, id=1054, 705.63625pt x 425.59pt>
File: ./LM32/images/gpio_sw_interface.pdf Graphic file (type pdf)

<use ./LM32/images/gpio_sw_interface.pdf>
Package pdftex.def Info: ./LM32/images/gpio_sw_interface.pdf used on input line
 670.
(pdftex.def)             Requested size: 423.38501pt x 255.35596pt.

Overfull \hbox (5.13133pt too wide) in paragraph at lines 670--670
 [] 
 []

<./LM32/images/uart_sw_interface.pdf, id=1056, 581.17125pt x 350.30875pt>
File: ./LM32/images/uart_sw_interface.pdf Graphic file (type pdf)

<use ./LM32/images/uart_sw_interface.pdf>
Package pdftex.def Info: ./LM32/images/uart_sw_interface.pdf used on input line
 677.
(pdftex.def)             Requested size: 348.70544pt x 210.18686pt.

<./LM32/images/timer_sw_interface.pdf, id=1058, 657.45625pt x 326.21875pt>
File: ./LM32/images/timer_sw_interface.pdf Graphic file (type pdf)

<use ./LM32/images/timer_sw_interface.pdf>
Package pdftex.def Info: ./LM32/images/timer_sw_interface.pdf used on input lin
e 684.
(pdftex.def)             Requested size: 394.47679pt x 195.73274pt.

<./LM32/images/peripheral_soc.pdf, id=1060, 557.08125pt x 129.48375pt>
File: ./LM32/images/peripheral_soc.pdf Graphic file (type pdf)

<use ./LM32/images/peripheral_soc.pdf>
Package pdftex.def Info: ./LM32/images/peripheral_soc.pdf used on input line 69
5.
(pdftex.def)             Requested size: 334.25133pt x 77.69083pt.
 [31 <./LM32/images/gpio_sw_interface.pdf>] [32 <./LM32/images/uart_sw_interfac
e.pdf> <./LM32/images/timer_sw_interface.pdf

pdfTeX warning: pdflatex (file ./LM32/images/timer_sw_interface.pdf): PDF inclu
sion: multiple pdfs with page group included in a single page
> <./LM32/images/peripheral_soc.pdf

pdfTeX warning: pdflatex (file ./LM32/images/peripheral_soc.pdf): PDF inclusion
: multiple pdfs with page group included in a single page
>] <./LM32/images/soft_SoC_design_flow.pdf, id=1139, 724.7075pt x 528.97626pt>
File: ./LM32/images/soft_SoC_design_flow.pdf Graphic file (type pdf)

<use ./LM32/images/soft_SoC_design_flow.pdf>
Package pdftex.def Info: ./LM32/images/soft_SoC_design_flow.pdf used on input l
ine 710.
(pdftex.def)             Requested size: 434.82785pt x 317.3882pt.

Overfull \hbox (16.57417pt too wide) in paragraph at lines 710--710
 [] 
 []

[33 <./LM32/images/soft_SoC_design_flow.pdf>]
LaTeX Font Info:    Try loading font information for OT1+pcr on input line 751.


(/usr/share/texlive/texmf-dist/tex/latex/psnfss/ot1pcr.fd
File: ot1pcr.fd 2001/06/04 font definitions for OT1/pcr.
) [34] [35]
<./LM32/images/soft_design_flow.pdf, id=1240, 724.7075pt x 231.86626pt>
File: ./LM32/images/soft_design_flow.pdf Graphic file (type pdf)

<use ./LM32/images/soft_design_flow.pdf>
Package pdftex.def Info: ./LM32/images/soft_design_flow.pdf used on input line 
846.
(pdftex.def)             Requested size: 434.82785pt x 139.12082pt.

Overfull \hbox (16.57417pt too wide) in paragraph at lines 846--846
 [] 
 []

[36 <./LM32/images/soft_design_flow.pdf>]
(/usr/share/texlive/texmf-dist/tex/latex/listings/lstlang1.sty
File: lstlang1.sty 2004/09/05 1.3 listings language file
)
Overfull \hbox (301.75365pt too wide) in paragraph at lines 917--918
[][][][][][][][][][][][][][][][][][][][][][][][][][][][][][][][][][][][][][][][
][][][][][][][][][][][][][][][][][][][][][][][] 
 []


Overfull \hbox (287.3535pt too wide) in paragraph at lines 918--919
[][][][][][][][][][][][][][][][][][][][][][][][][][][][][][][][][][][][][][][][
][][][][][][][][][][][][][][][][][][][][][][][] 
 []


Overfull \hbox (296.9536pt too wide) in paragraph at lines 919--920
[][][][][][][][][][][][][][][][][][][][][][][][][][][][][][][][][][][][][][][][
][][][][][][][][][][][][][][][][][][][][][][][][][] 
 []


Overfull \hbox (80.9514pt too wide) in paragraph at lines 920--921
[][][][][][][][][][][][][][][][][][][][][][][][][][][][][][][][][][][][][][][][
][][][][][][][][][][] 
 []

[37]) (./embedded_book.bbl [38]

LaTeX Warning: Empty `thebibliography' environment on input line 3.

)
Package atveryend Info: Empty hook `BeforeClearDocument' on input line 128.
 [39

]
Package atveryend Info: Empty hook `AfterLastShipout' on input line 128.
 (./embedded_book.aux
LaTeX Info: Redefining \. on input line 18.
LaTeX Info: Redefining \% on input line 18.
)
Package atveryend Info: Executing hook `AtVeryEndDocument' on input line 128.
Package atveryend Info: Executing hook `AtEndAfterFileList' on input line 128.
Package rerunfilecheck Info: File `embedded_book.out' has not changed.
(rerunfilecheck)             Checksum: 644917D66E755EF9928DC46B831A3F0B;1329.
Package atveryend Info: Empty hook `AtVeryVeryEnd' on input line 128.
 ) 
Here is how much of TeX's memory you used:
 24435 strings out of 495059
 440012 string characters out of 3182030
 648095 words of memory out of 3000000
 26683 multiletter control sequences out of 15000+200000
 39543 words of font info for 97 fonts, out of 3000000 for 9000
 14 hyphenation exceptions out of 8191
 56i,10n,72p,1083b,1948s stack positions out of 5000i,500n,10000p,200000b,50000s
{/usr/share/texlive/texmf-dist/fonts/enc/dvips/base/8r.enc}</usr/share/texliv
e/texmf-dist/fonts/type1/public/amsfonts/cm/cmmi8.pfb></usr/share/texlive/texmf
-dist/fonts/type1/public/amsfonts/cm/cmsy8.pfb></usr/share/texlive/texmf-dist/f
onts/type1/urw/courier/ucrr8a.pfb></usr/share/texlive/texmf-dist/fonts/type1/ur
w/times/utmb8a.pfb></usr/share/texlive/texmf-dist/fonts/type1/urw/times/utmbi8a
.pfb></usr/share/texlive/texmf-dist/fonts/type1/urw/times/utmr8a.pfb></usr/shar
e/texlive/texmf-dist/fonts/type1/urw/times/utmr8a.pfb></usr/share/texlive/texmf
-dist/fonts/type1/urw/times/utmri8a.pfb>
Output written on embedded_book.pdf (43 pages, 1301659 bytes).
PDF statistics:
 1450 PDF objects out of 1728 (max. 8388607)
 1117 compressed objects within 12 object streams
 335 named destinations out of 1000 (max. 500000)
 349 words of extra memory for PDF output out of 10000 (max. 10000000)

