This is pdfTeX, Version 3.1415926-2.4-1.40.13 (TeX Live 2012/Debian) (format=pdflatex 2012.7.16)  28 SEP 2012 22:26
entering extended mode
 restricted \write18 enabled.
 %&-line parsing enabled.
**curso_actualizacion.tex
(./curso_actualizacion.tex
LaTeX2e <2011/06/27>
Babel <v3.8m> and hyphenation patterns for english, dumylang, nohyphenation, lo
aded.
(/usr/share/texlive/texmf-dist/tex/latex/base/report.cls
Document Class: report 2007/10/19 v1.4h Standard LaTeX document class
(/usr/share/texlive/texmf-dist/tex/latex/base/size10.clo
File: size10.clo 2007/10/19 v1.4h Standard LaTeX file (size option)
)
\c@part=\count79
\c@chapter=\count80
\c@section=\count81
\c@subsection=\count82
\c@subsubsection=\count83
\c@paragraph=\count84
\c@subparagraph=\count85
\c@figure=\count86
\c@table=\count87
\abovecaptionskip=\skip41
\belowcaptionskip=\skip42
\bibindent=\dimen102
)
(/usr/share/texlive/texmf-dist/tex/latex/base/fontenc.sty
Package: fontenc 2005/09/27 v1.99g Standard LaTeX package
)
(/usr/share/texlive/texmf-dist/tex/latex/base/inputenc.sty
Package: inputenc 2008/03/30 v1.1d Input encoding file
\inpenc@prehook=\toks14
\inpenc@posthook=\toks15

(/usr/share/texlive/texmf-dist/tex/latex/base/latin1.def
File: latin1.def 2008/03/30 v1.1d Input encoding file
))
(/usr/share/texlive/texmf-dist/tex/generic/babel/babel.sty
Package: babel 2008/07/08 v3.8m The Babel package

(/usr/share/texlive/texmf-dist/tex/generic/babel/spanish.ldf
Language: spanish.ldf 2011/10/06 v5.0k Spanish support from the babel system

(/usr/share/texlive/texmf-dist/tex/generic/babel/babel.def
File: babel.def 2008/07/08 v3.8m Babel common definitions
\babel@savecnt=\count88
\U@D=\dimen103
)

Package babel Warning: No hyphenation patterns were loaded for
(babel)                the language `Spanish'
(babel)                I will use the patterns loaded for \language=0 instead.

\l@spanish = a dialect from \language0
\es@datefmt=\count89
\es@quottoks=\toks16
\es@quotdepth=\count90
Package babel Info: Making " an active character on input line 496.
Package babel Info: Making . an active character on input line 599.
Package babel Info: Making < an active character on input line 644.
Package babel Info: Making > an active character on input line 644.
)) (/usr/share/texlive/texmf-dist/tex/latex/graphics/graphicx.sty
Package: graphicx 1999/02/16 v1.0f Enhanced LaTeX Graphics (DPC,SPQR)

(/usr/share/texlive/texmf-dist/tex/latex/graphics/keyval.sty
Package: keyval 1999/03/16 v1.13 key=value parser (DPC)
\KV@toks@=\toks17
)
(/usr/share/texlive/texmf-dist/tex/latex/graphics/graphics.sty
Package: graphics 2009/02/05 v1.0o Standard LaTeX Graphics (DPC,SPQR)

(/usr/share/texlive/texmf-dist/tex/latex/graphics/trig.sty
Package: trig 1999/03/16 v1.09 sin cos tan (DPC)
)
(/usr/share/texlive/texmf-dist/tex/latex/latexconfig/graphics.cfg
File: graphics.cfg 2010/04/23 v1.9 graphics configuration of TeX Live
)
Package graphics Info: Driver file: pdftex.def on input line 91.

(/usr/share/texlive/texmf-dist/tex/latex/pdftex-def/pdftex.def
File: pdftex.def 2011/05/27 v0.06d Graphics/color for pdfTeX

(/usr/share/texlive/texmf-dist/tex/generic/oberdiek/infwarerr.sty
Package: infwarerr 2010/04/08 v1.3 Providing info/warning/error messages (HO)
)
(/usr/share/texlive/texmf-dist/tex/generic/oberdiek/ltxcmds.sty
Package: ltxcmds 2011/11/09 v1.22 LaTeX kernel commands for general use (HO)
)
\Gread@gobject=\count91
))
\Gin@req@height=\dimen104
\Gin@req@width=\dimen105
)
(/usr/share/texlive/texmf-dist/tex/latex/psnfss/times.sty
Package: times 2005/04/12 PSNFSS-v9.2a (SPQR) 
)
(/usr/share/texlive/texmf-dist/tex/latex/colortbl/colortbl.sty
Package: colortbl 2012/02/13 v1.0a Color table columns (DPC)

(/usr/share/texlive/texmf-dist/tex/latex/tools/array.sty
Package: array 2008/09/09 v2.4c Tabular extension package (FMi)
\col@sep=\dimen106
\extrarowheight=\dimen107
\NC@list=\toks18
\extratabsurround=\skip43
\backup@length=\skip44
)
(/usr/share/texlive/texmf-dist/tex/latex/graphics/color.sty
Package: color 2005/11/14 v1.0j Standard LaTeX Color (DPC)

(/usr/share/texlive/texmf-dist/tex/latex/latexconfig/color.cfg
File: color.cfg 2007/01/18 v1.5 color configuration of teTeX/TeXLive
)
Package color Info: Driver file: pdftex.def on input line 130.
)
\everycr=\toks19
\minrowclearance=\skip45
)
(/usr/share/texlive/texmf-dist/tex/latex/subfigure/subfigure.sty
Package: subfigure 2002/03/15 v2.1.5 subfigure package
\subfigtopskip=\skip46
\subfigcapskip=\skip47
\subfigcaptopadj=\dimen108
\subfigbottomskip=\skip48
\subfigcapmargin=\dimen109
\subfiglabelskip=\skip49
\c@subfigure=\count92
\c@lofdepth=\count93
\c@subtable=\count94
\c@lotdepth=\count95

****************************************
* Local config file subfigure.cfg used *
****************************************
(/usr/share/texlive/texmf-dist/tex/latex/subfigure/subfigure.cfg)
\subfig@top=\skip50
\subfig@bottom=\skip51
)
(/usr/share/texlive/texmf-dist/tex/latex/pdfpages/pdfpages.sty
Package: pdfpages 2012/04/03 v0.4s Insert pages of external PDF documents (AM)

(/usr/share/texlive/texmf-dist/tex/latex/base/ifthen.sty
Package: ifthen 2001/05/26 v1.1c Standard LaTeX ifthen package (DPC)
)
(/usr/share/texlive/texmf-dist/tex/latex/tools/calc.sty
Package: calc 2007/08/22 v4.3 Infix arithmetic (KKT,FJ)
\calc@Acount=\count96
\calc@Bcount=\count97
\calc@Adimen=\dimen110
\calc@Bdimen=\dimen111
\calc@Askip=\skip52
\calc@Bskip=\skip53
LaTeX Info: Redefining \setlength on input line 76.
LaTeX Info: Redefining \addtolength on input line 77.
\calc@Ccount=\count98
\calc@Cskip=\skip54
)
(/usr/share/texlive/texmf-dist/tex/latex/eso-pic/eso-pic.sty
Package: eso-pic 2010/10/06 v2.0c eso-pic (RN)

(/usr/share/texlive/texmf-dist/tex/generic/oberdiek/atbegshi.sty
Package: atbegshi 2011/10/05 v1.16 At begin shipout hook (HO)

(/usr/share/texlive/texmf-dist/tex/generic/oberdiek/ifpdf.sty
Package: ifpdf 2011/01/30 v2.3 Provides the ifpdf switch (HO)
Package ifpdf Info: pdfTeX in PDF mode is detected.
)))
(/usr/share/texlive/texmf-dist/tex/latex/pdfpages/pppdftex.def
File: pppdftex.def 2012/04/03 v0.4s Pdfpages driver for pdfTeX (AM)
)
\AM@pagebox=\box26
\AM@toc@title=\toks20
\c@AM@survey=\count99
\AM@templatesizebox=\box27
)
(/usr/share/texlive/texmf-dist/tex/latex/graphics/lscape.sty
Package: lscape 2000/10/22 v3.01 Landscape Pages (DPC)
)
(/usr/share/texlive/texmf-dist/tex/latex/glossaries/base/glossaries.sty
Package: glossaries 2012/05/21 v3.02 (NLCT)

(/usr/share/texlive/texmf-dist/tex/latex/xkeyval/xkeyval.sty
Package: xkeyval 2008/08/13 v2.6a package option processing (HA)

(/usr/share/texlive/texmf-dist/tex/generic/xkeyval/xkeyval.tex
\XKV@toks=\toks21
\XKV@tempa@toks=\toks22
\XKV@depth=\count100
File: xkeyval.tex 2008/08/13 v2.6a key=value parser (HA)
))
(/usr/share/texlive/texmf-dist/tex/latex/glossaries/base/mfirstuc.sty
Package: mfirstuc 2012/05/21 v1.06 (NLCT)

(/usr/share/texlive/texmf-dist/tex/latex/etoolbox/etoolbox.sty
Package: etoolbox 2011/01/03 v2.1 e-TeX tools for LaTeX

(/usr/share/texlive/texmf-dist/tex/latex/etex-pkg/etex.sty
Package: etex 1998/03/26 v2.0 eTeX basic definition package (PEB)
\et@xins=\count101
)
\etb@tempcnta=\count102
)
\@glsmfirst=\toks23
\@glsmrest=\toks24
)
(/usr/share/texlive/texmf-dist/tex/latex/xfor/xfor.sty
Package: xfor 2009/02/05 v1.05 (NLCT)
)
(/usr/share/texlive/texmf-dist/tex/latex/amsmath/amsgen.sty
File: amsgen.sty 1999/11/30 v2.0
\@emptytoks=\toks25
\ex@=\dimen112
)
(/usr/share/texmf/tex/latex/beamer/base/translator/translator.sty
Package: translator 2010/06/12 ver 1.10

(/usr/share/texmf/tex/latex/beamer/base/translator/translator-language-mappings
.tex))
\gls@level=\count103
\@gls@tmpb=\toks26
\gls@tmplen=\skip55
\glswrite=\write3
\glskeylisttok=\toks27
\glslabeltok=\toks28
\glsshorttok=\toks29
\glslongtok=\toks30

(/usr/share/texlive/texmf-dist/tex/latex/glossaries/styles/glossary-hypernav.st
y
Package: glossary-hypernav 2007/07/04 v1.01 (NLCT)
) (/usr/share/texlive/texmf-dist/tex/latex/glossaries/styles/glossary-list.sty
Package: glossary-list 2011/03/28 v3.0 (NLCT)
\glslistdottedwidth=\skip56
) (/usr/share/texlive/texmf-dist/tex/latex/glossaries/styles/glossary-long.sty
Package: glossary-long 2011/03/28 v3.0 (NLCT)

(/usr/share/texlive/texmf-dist/tex/latex/tools/longtable.sty
Package: longtable 2004/02/01 v4.11 Multi-page Table package (DPC)
\LTleft=\skip57
\LTright=\skip58
\LTpre=\skip59
\LTpost=\skip60
\LTchunksize=\count104
\LTcapwidth=\dimen113
\LT@head=\box28
\LT@firsthead=\box29
\LT@foot=\box30
\LT@lastfoot=\box31
\LT@cols=\count105
\LT@rows=\count106
\c@LT@tables=\count107
\c@LT@chunks=\count108
\LT@p@ftn=\toks31
)
\glsdescwidth=\skip61
\glspagelistwidth=\skip62
)
(/usr/share/texlive/texmf-dist/tex/latex/glossaries/styles/glossary-super.sty
Package: glossary-super 2011/03/28 v3.0 (NLCT)

(/usr/share/texlive/texmf-dist/tex/latex/supertabular/supertabular.sty
Package: supertabular 2004/02/20 v4.1e the supertabular environment
\c@tracingst=\count109
\ST@wd=\dimen114
\ST@rightskip=\skip63
\ST@leftskip=\skip64
\ST@parfillskip=\skip65
\ST@pageleft=\dimen115
\ST@headht=\dimen116
\ST@tailht=\dimen117
\ST@pagesofar=\dimen118
\ST@pboxht=\dimen119
\ST@lineht=\dimen120
\ST@stretchht=\dimen121
\ST@prevht=\dimen122
\ST@toadd=\dimen123
\ST@dimen=\dimen124
\ST@pbox=\box32
))
(/usr/share/texlive/texmf-dist/tex/latex/glossaries/styles/glossary-tree.sty
Package: glossary-tree 2011/03/28 v3.0 (NLCT)
\glstreeindent=\skip66
))
(./acronym.tex
\glo@main@file=\write4
\openout4 = `curso_actualizacion.glo'.

Package glossaries Info: Writing glossary file curso_actualizacion.glo on input
 line 1.
\glo@acronym@file=\write5
\openout5 = `curso_actualizacion.acn'.

Package glossaries Info: Writing glossary file curso_actualizacion.acn on input
 line 1.
) (./curso_actualizacion.aux
LaTeX Info: Redefining \. on input line 11.
LaTeX Info: Redefining \% on input line 11.
)
\openout1 = `curso_actualizacion.aux'.

LaTeX Font Info:    Checking defaults for OML/cmm/m/it on input line 38.
LaTeX Font Info:    ... okay on input line 38.
LaTeX Font Info:    Checking defaults for T1/cmr/m/n on input line 38.
LaTeX Font Info:    ... okay on input line 38.
LaTeX Font Info:    Checking defaults for OT1/cmr/m/n on input line 38.
LaTeX Font Info:    ... okay on input line 38.
LaTeX Font Info:    Checking defaults for OMS/cmsy/m/n on input line 38.
LaTeX Font Info:    ... okay on input line 38.
LaTeX Font Info:    Checking defaults for OMX/cmex/m/n on input line 38.
LaTeX Font Info:    ... okay on input line 38.
LaTeX Font Info:    Checking defaults for U/cmr/m/n on input line 38.
LaTeX Font Info:    ... okay on input line 38.
LaTeX Font Info:    Try loading font information for OT1+ptm on input line 38.

(/usr/share/texlive/texmf-dist/tex/latex/psnfss/ot1ptm.fd
File: ot1ptm.fd 2001/06/04 font definitions for OT1/ptm.
)
LaTeX Info: Redefining \. on input line 38.
LaTeX Info: Redefining \% on input line 38.

(/usr/share/texlive/texmf-dist/tex/context/base/supp-pdf.mkii
[Loading MPS to PDF converter (version 2006.09.02).]
\scratchcounter=\count110
\scratchdimen=\dimen125
\scratchbox=\box33
\nofMPsegments=\count111
\nofMParguments=\count112
\everyMPshowfont=\toks32
\MPscratchCnt=\count113
\MPscratchDim=\dimen126
\MPnumerator=\count114
\makeMPintoPDFobject=\count115
\everyMPtoPDFconversion=\toks33
) (/usr/share/texlive/texmf-dist/tex/generic/oberdiek/pdftexcmds.sty
Package: pdftexcmds 2011/11/29 v0.20 Utility functions of pdfTeX for LuaTeX (HO
)

(/usr/share/texlive/texmf-dist/tex/generic/oberdiek/ifluatex.sty
Package: ifluatex 2010/03/01 v1.3 Provides the ifluatex switch (HO)
Package ifluatex Info: LuaTeX not detected.
)
Package pdftexcmds Info: LuaTeX not detected.
Package pdftexcmds Info: \pdf@primitive is available.
Package pdftexcmds Info: \pdf@ifprimitive is available.
Package pdftexcmds Info: \pdfdraftmode found.
)
(/usr/share/texlive/texmf-dist/tex/latex/oberdiek/epstopdf-base.sty
Package: epstopdf-base 2010/02/09 v2.5 Base part for package epstopdf

(/usr/share/texlive/texmf-dist/tex/latex/oberdiek/grfext.sty
Package: grfext 2010/08/19 v1.1 Manage graphics extensions (HO)

(/usr/share/texlive/texmf-dist/tex/generic/oberdiek/kvdefinekeys.sty
Package: kvdefinekeys 2011/04/07 v1.3 Define keys (HO)
))
(/usr/share/texlive/texmf-dist/tex/latex/oberdiek/kvoptions.sty
Package: kvoptions 2011/06/30 v3.11 Key value format for package options (HO)

(/usr/share/texlive/texmf-dist/tex/generic/oberdiek/kvsetkeys.sty
Package: kvsetkeys 2012/04/25 v1.16 Key value parser (HO)

(/usr/share/texlive/texmf-dist/tex/generic/oberdiek/etexcmds.sty
Package: etexcmds 2011/02/16 v1.5 Avoid name clashes with e-TeX commands (HO)
Package etexcmds Info: Could not find \expanded.
(etexcmds)             That can mean that you are not using pdfTeX 1.50 or
(etexcmds)             that some package has redefined \expanded.
(etexcmds)             In the latter case, load this package earlier.
)))
Package grfext Info: Graphics extension search list:
(grfext)             [.png,.pdf,.jpg,.mps,.jpeg,.jbig2,.jb2,.PNG,.PDF,.JPG,.JPE
G,.JBIG2,.JB2,.eps]
(grfext)             \AppendGraphicsExtensions on input line 452.

(/usr/share/texlive/texmf-dist/tex/latex/latexconfig/epstopdf-sys.cfg
File: epstopdf-sys.cfg 2010/07/13 v1.3 Configuration of (r)epstopdf for TeX Liv
e
))
\AtBeginShipoutBox=\box34

(/usr/share/texlive/texmf-dist/tex/latex/glossaries/dict/glossaries-dictionary-
English.dict
Dictionary: glossaries-dictionary, Language: English 
) (./title.tex
LaTeX Font Info:    External font `cmex10' loaded for size
(Font)              <12> on input line 11.
LaTeX Font Info:    External font `cmex10' loaded for size
(Font)              <8> on input line 11.
LaTeX Font Info:    External font `cmex10' loaded for size
(Font)              <6> on input line 11.
 [1

\openout3 = `curso_actualizacion.ist'.

{/var/lib/texmf/fonts/map/pdftex/updmap/pdftex.map}]
Underfull \hbox (badness 10000) in paragraph at lines 16--20

 []


Underfull \hbox (badness 10000) in paragraph at lines 16--20

 []

LaTeX Font Info:    Try loading font information for OMS+ptm on input line 23.
(/usr/share/texlive/texmf-dist/tex/latex/psnfss/omsptm.fd
File: omsptm.fd 
)
LaTeX Font Info:    Font shape `OMS/ptm/m/n' in size <10> not available
(Font)              Font shape `OMS/cmsy/m/n' tried instead on input line 23.

Underfull \hbox (badness 10000) in paragraph at lines 23--24

 []


Underfull \hbox (badness 10000) in paragraph at lines 25--29

 []


Underfull \hbox (badness 10000) in paragraph at lines 30--33

 []

[1])
LaTeX Font Info:    Font shape `OT1/ptm/bx/n' in size <24.88> not available
(Font)              Font shape `OT1/ptm/b/n' tried instead on input line 42.
 (./curso_actualizacion.toc
LaTeX Info: Redefining \. on input line 1.
LaTeX Info: Redefining \% on input line 1.
LaTeX Font Info:    External font `cmex10' loaded for size
(Font)              <7> on input line 2.
LaTeX Font Info:    External font `cmex10' loaded for size
(Font)              <5> on input line 2.
LaTeX Font Info:    Font shape `OT1/ptm/bx/n' in size <10> not available
(Font)              Font shape `OT1/ptm/b/n' tried instead on input line 14.
)
\tf@toc=\write6
\openout6 = `curso_actualizacion.toc'.

 (./overview.tex [2

]
LaTeX Font Info:    Font shape `OT1/ptm/bx/n' in size <14.4> not available
(Font)              Font shape `OT1/ptm/b/n' tried instead on input line 6.

<./images/processors.jpg, id=15, 501.875pt x 415.5525pt>
File: ./images/processors.jpg Graphic file (type jpg)

<use ./images/processors.jpg>
Package pdftex.def Info: ./images/processors.jpg used on input line 33.
(pdftex.def)             Requested size: 301.12732pt x 249.33342pt.
LaTeX Font Info:    Font shape `OT1/ptm/bx/n' in size <12> not available
(Font)              Font shape `OT1/ptm/b/n' tried instead on input line 37.
LaTeX Info: Redefining \. on input line 39.
LaTeX Info: Redefining \% on input line 39.
 [1 <./images/processors.jpg>]
<./images/applications.png, id=20, 855.195pt x 429.605pt>
File: ./images/applications.png Graphic file (type png)

<use ./images/applications.png>
Package pdftex.def Info: ./images/applications.png used on input line 41.
(pdftex.def)             Requested size: 299.32274pt x 150.364pt.

<./images/vdc_embedded_dev_company_size.jpg, id=21, 1806.75pt x 843.15pt>
File: ./images/vdc_embedded_dev_company_size.jpg Graphic file (type jpg)

<use ./images/vdc_embedded_dev_company_size.jpg>
Package pdftex.def Info: ./images/vdc_embedded_dev_company_size.jpg used on inp
ut line 63.
(pdftex.def)             Requested size: 289.0859pt x 134.90675pt.
LaTeX Info: Redefining \. on input line 70.
LaTeX Info: Redefining \% on input line 70.
 [2 <./images/applications.png (PNG copy)>]
<./images/embedded-linux-tool-trends-sm.jpg, id=25, 415.21161pt x 285.88222pt>
File: ./images/embedded-linux-tool-trends-sm.jpg Graphic file (type jpg)

<use ./images/embedded-linux-tool-trends-sm.jpg>
Package pdftex.def Info: ./images/embedded-linux-tool-trends-sm.jpg used on inp
ut line 97.
(pdftex.def)             Requested size: 207.60529pt x 142.94075pt.
LaTeX Info: Redefining \. on input line 103.
LaTeX Info: Redefining \% on input line 103.
 [3 <./images/vdc_embedded_dev_company_size.jpg>]
<./images/embedded_OS_sourcing_trends.jpg, id=29, 380.44019pt x 295.47557pt>
File: ./images/embedded_OS_sourcing_trends.jpg Graphic file (type jpg)

<use ./images/embedded_OS_sourcing_trends.jpg>
Package pdftex.def Info: ./images/embedded_OS_sourcing_trends.jpg used on input
 line 105.
(pdftex.def)             Requested size: 247.28319pt x 192.05684pt.
LaTeX Info: Redefining \. on input line 115.
LaTeX Info: Redefining \% on input line 115.
 [4 <./images/embedded-linux-tool-trends-sm.jpg> <./images/embedded_OS_sourcing
_trends.jpg>]
<./images/ECB_ARM7_Block.pdf, id=34, 509.905pt x 217.81375pt>
File: ./images/ECB_ARM7_Block.pdf Graphic file (type pdf)

<use ./images/ECB_ARM7_Block.pdf>
Package pdftex.def Info: ./images/ECB_ARM7_Block.pdf used on input line 127.
(pdftex.def)             Requested size: 229.45512pt x 98.01527pt.

<./images/ECB_ARM7.jpg, id=35, 533.74406pt x 547.2947pt>
File: ./images/ECB_ARM7.jpg Graphic file (type jpg)

<use ./images/ECB_ARM7.jpg>
Package pdftex.def Info: ./images/ECB_ARM7.jpg used on input line 127.
(pdftex.def)             Requested size: 186.81322pt x 191.556pt.

<./images/xport_Block.pdf, id=36, 531.9875pt x 566.115pt>
File: ./images/xport_Block.pdf Graphic file (type pdf)

<use ./images/xport_Block.pdf>
Package pdftex.def Info: ./images/xport_Block.pdf used on input line 137.
(pdftex.def)             Requested size: 212.79123pt x 226.44199pt.

<./images/xport.jpg, id=37, 832.61063pt x 389.95688pt>
File: ./images/xport.jpg Graphic file (type jpg)

<use ./images/xport.jpg>
Package pdftex.def Info: ./images/xport.jpg used on input line 137.
(pdftex.def)             Requested size: 208.15215pt x 97.48897pt.

Overfull \hbox (1.65204pt too wide) in paragraph at lines 137--138
 [][] 
 []

LaTeX Info: Redefining \. on input line 143.
LaTeX Info: Redefining \% on input line 143.
[5 <./images/ECB_ARM7_Block.pdf> <./images/ECB_ARM7.jpg>]
<./images/ECB_AT91_V1.jpg, id=57, 864.98157pt x 365.86688pt>
File: ./images/ECB_AT91_V1.jpg Graphic file (type jpg)

<use ./images/ECB_AT91_V1.jpg>
Package pdftex.def Info: ./images/ECB_AT91_V1.jpg used on input line 147.
(pdftex.def)             Requested size: 389.23811pt x 164.63857pt.

<./images/ECB_AT91_V2.jpg, id=58, 576.65437pt x 385.44pt>
File: ./images/ECB_AT91_V2.jpg Graphic file (type jpg)

<use ./images/ECB_AT91_V2.jpg>
Package pdftex.def Info: ./images/ECB_AT91_V2.jpg used on input line 156.
(pdftex.def)             Requested size: 403.6553pt x 269.80615pt.

<./images/ECBOT_Block.png, id=59, 803.25093pt x 545.78906pt>
File: ./images/ECBOT_Block.png Graphic file (type png)

<use ./images/ECBOT_Block.png>
Package pdftex.def Info: ./images/ECBOT_Block.png used on input line 167.
(pdftex.def)             Requested size: 240.97713pt x 163.73798pt.

<./images/ECBOT.png, id=61, 602.25pt x 451.6875pt>
File: ./images/ECBOT.png Graphic file (type png)
 <use ./images/ECBOT.png>
Package pdftex.def Info: ./images/ECBOT.png used on input line 167.
(pdftex.def)             Requested size: 210.79065pt x 158.09299pt.

Overfull \hbox (32.47644pt too wide) in paragraph at lines 167--168
 [][] 
 []

LaTeX Info: Redefining \. on input line 172.
LaTeX Info: Redefining \% on input line 172.
[6 <./images/xport_Block.pdf> <./images/xport.jpg>]
LaTeX Info: Redefining \. on input line 172.
LaTeX Info: Redefining \% on input line 172.
 [7 <./images/ECB_AT91_V1.jpg> <./images/ECB_AT91_V2.jpg>]
<./images/ECB_BF532_Block.pdf, id=85, 509.905pt x 231.86626pt>
File: ./images/ECB_BF532_Block.pdf Graphic file (type pdf)

<use ./images/ECB_BF532_Block.pdf>
Package pdftex.def Info: ./images/ECB_BF532_Block.pdf used on input line 178.
(pdftex.def)             Requested size: 203.95837pt x 92.74484pt.

<./images/ECB_BF532.png, id=86, 669.2503pt x 513.41812pt>
File: ./images/ECB_BF532.png Graphic file (type png)

<use ./images/ECB_BF532.png>
Package pdftex.def Info: ./images/ECB_BF532.png used on input line 178.
(pdftex.def)             Requested size: 234.24112pt x 179.69902pt.

Overfull \hbox (18.90816pt too wide) in paragraph at lines 178--179
 [][] 
 []

LaTeX Info: Redefining \. on input line 183.
LaTeX Info: Redefining \% on input line 183.
[8 <./images/ECBOT_Block.png> <./images/ECBOT.png (PNG copy)> <./images/ECB_BF5
32_Block.pdf> <./images/ECB_BF532.png>]
<./images/SIE_block_diagram.png, id=105, 501.37312pt x 274.02374pt>
File: ./images/SIE_block_diagram.png Graphic file (type png)

<use ./images/SIE_block_diagram.png>
Package pdftex.def Info: ./images/SIE_block_diagram.png used on input line 189.

(pdftex.def)             Requested size: 250.68594pt x 137.01154pt.

<./images/SIE.jpg, id=106, 597.73312pt x 345.54094pt>
File: ./images/SIE.jpg Graphic file (type jpg)
 <use ./images/SIE.jpg>
Package pdftex.def Info: ./images/SIE.jpg used on input line 189.
(pdftex.def)             Requested size: 209.20972pt x 120.94113pt.

Overfull \hbox (40.60432pt too wide) in paragraph at lines 189--190
 [][] 
 []

<./images/STAMP_block_diagram.pdf, id=107, 492.84125pt x 239.89626pt>
File: ./images/STAMP_block_diagram.pdf Graphic file (type pdf)

<use ./images/STAMP_block_diagram.pdf>
Package pdftex.def Info: ./images/STAMP_block_diagram.pdf used on input line 20
1.
(pdftex.def)             Requested size: 246.42001pt x 119.94783pt.

<./images/stamp.png, id=108, 406.51875pt x 338.01282pt>
File: ./images/stamp.png Graphic file (type png)

<use ./images/stamp.png>
Package pdftex.def Info: ./images/stamp.png used on input line 201.
(pdftex.def)             Requested size: 162.60461pt x 135.20271pt.
LaTeX Info: Redefining \. on input line 210.
LaTeX Info: Redefining \% on input line 210.
 [9 <./images/SIE_block_diagram.png> <./images/SIE.jpg> <./images/STAMP_block_d
iagram.pdf> <./images/stamp.png>]
LaTeX Font Info:    Font shape `OT1/ptm/bx/n' in size <8> not available
(Font)              Font shape `OT1/ptm/b/n' tried instead on input line 217.

Overfull \hbox (29.99022pt too wide) in paragraph at lines 215--239
 [][] 
 []

<./images/proceso_de_fabricacion_PCBs.pdf, id=126, 498.86375pt x 590.205pt>
File: ./images/proceso_de_fabricacion_PCBs.pdf Graphic file (type pdf)

<use ./images/proceso_de_fabricacion_PCBs.pdf>
Package pdftex.def Info: ./images/proceso_de_fabricacion_PCBs.pdf used on input
 line 246.
(pdftex.def)             Requested size: 224.4866pt x 265.58978pt.
LaTeX Info: Redefining \. on input line 254.
LaTeX Info: Redefining \% on input line 254.
 [10 <./images/proceso_de_fabricacion_PCBs.pdf>]
LaTeX Info: Redefining \. on input line 295.
LaTeX Info: Redefining \% on input line 295.
 [11] <images/SAKC_DC.jpg, id=144, 501.875pt x 377.41pt>
File: images/SAKC_DC.jpg Graphic file (type jpg)

<use images/SAKC_DC.jpg>
Package pdftex.def Info: images/SAKC_DC.jpg used on input line 307.
(pdftex.def)             Requested size: 200.74643pt x 150.96132pt.
 <images/Sakc.png, id=145, 663.22781pt x 645.16031pt>
File: images/Sakc.png Graphic file (type png)

<use images/Sakc.png>
Package pdftex.def Info: images/Sakc.png used on input line 308.
(pdftex.def)             Requested size: 265.28642pt x 258.05954pt.
) (./contents.tex
LaTeX Info: Redefining \. on input line 1.
LaTeX Info: Redefining \% on input line 1.
 [12]
LaTeX Info: Redefining \. on input line 1.
LaTeX Info: Redefining \% on input line 1.
 [13 <./images/SAKC_DC.jpg> <./images/Sakc.png>]
Cap\'{\i }tulo 2.
LaTeX Font Info:    Font shape `OT1/ptm/bx/n' in size <20.74> not available
(Font)              Font shape `OT1/ptm/b/n' tried instead on input line 1.
[14

]) (./information.tex
LaTeX Info: Redefining \. on input line 1.
LaTeX Info: Redefining \% on input line 1.
 [15]
Cap\'{\i }tulo 3.
) (./curso_actualizacion.bbl [16

]
Underfull \hbox (badness 10000) in paragraph at lines 16--21
[]\OT1/ptm/m/n/10 C. Ca-mar-go.  First Colom-bian Lin-ux SBC runs De-bian.  URL
:
 []

)

Package glossaries Warning: No \printglossary or \printglossaries found.
This document will not have a glossary.

[17

] (./curso_actualizacion.aux
LaTeX Info: Redefining \. on input line 11.
LaTeX Info: Redefining \% on input line 11.
) ) 
Here is how much of TeX's memory you used:
 8036 strings out of 495059
 115855 string characters out of 3182030
 199018 words of memory out of 3000000
 11032 multiletter control sequences out of 15000+200000
 31135 words of font info for 55 fonts, out of 3000000 for 9000
 14 hyphenation exceptions out of 8191
 38i,10n,37p,1439b,356s stack positions out of 5000i,500n,10000p,200000b,50000s
{/usr/share/texlive/texmf-dist/fonts/enc/dvips/base/8r.enc}</usr/share/texli
ve/texmf-dist/fonts/type1/public/amsfonts/cm/cmsy10.pfb></usr/share/texlive/tex
mf-dist/fonts/type1/urw/times/utmb8a.pfb></usr/share/texlive/texmf-dist/fonts/t
ype1/urw/times/utmr8a.pfb></usr/share/texlive/texmf-dist/fonts/type1/urw/times/
utmr8a.pfb></usr/share/texlive/texmf-dist/fonts/type1/urw/times/utmri8a.pfb>
Output written on curso_actualizacion.pdf (20 pages, 5694271 bytes).
PDF statistics:
 186 PDF objects out of 1000 (max. 8388607)
 110 compressed objects within 2 object streams
 0 named destinations out of 1000 (max. 500000)
 111 words of extra memory for PDF output out of 10000 (max. 10000000)

